[2024-04-01T01:37:47.999Z] POST /proses/tag - | - bytes - - ms
[2024-04-01T01:39:24.537Z] POST /proses/tag - | - bytes - - ms
[2024-04-01T01:43:11.254Z] POST /proses/tag - | - bytes - - ms
[2024-04-01T01:44:26.232Z] POST /user/login 200 | 618 bytes - 332.132 ms
[2024-04-01T01:46:15.079Z] POST /proses/tag - | - bytes - - ms
[2024-04-01T02:23:45.341Z] POST /proses/tag - | - bytes - - ms
[2024-04-01T02:33:30.734Z] POST /proses/new - | - bytes - - ms
[2024-04-01T02:35:58.462Z] GET /proses/pole 200 | 1354 bytes - 908.443 ms
[2024-04-01T02:36:02.193Z] GET /proses/provider 200 | 9646 bytes - 40.847 ms
[2024-04-01T02:36:06.168Z] GET /proses/provider 200 | 9646 bytes - 39.825 ms
[2024-04-01T02:36:10.659Z] GET /proses/provider 200 | 9646 bytes - 39.654 ms
[2024-04-01T02:57:31.855Z] GET /proses/pole 200 | 137 bytes - 923.428 ms
[2024-04-01T02:57:40.287Z] GET /proses/pole 200 | 1114 bytes - 911.231 ms
[2024-04-01T02:57:42.872Z] GET /proses/provider 200 | 9646 bytes - 39.295 ms
[2024-04-01T02:57:47.087Z] GET /proses/provider 200 | 9646 bytes - 42.439 ms
[2024-04-01T02:57:56.313Z] GET /proses/provider 200 | 9646 bytes - 42.642 ms
[2024-04-01T02:58:09.314Z] GET /proses/provider 200 | 9646 bytes - 45.843 ms
[2024-04-01T02:58:45.837Z] POST /proses/tag 200 | 68 bytes - 1384.046 ms
[2024-04-01T03:13:13.311Z] GET /proses/pole 200 | 1352 bytes - 886.065 ms
[2024-04-01T03:13:16.579Z] GET /proses/provider 200 | 9646 bytes - 40.378 ms
[2024-04-01T03:13:19.620Z] GET /proses/provider 200 | 9646 bytes - 39.767 ms
[2024-04-01T03:13:24.329Z] GET /proses/provider 200 | 9646 bytes - 41.130 ms
[2024-04-01T03:17:53.233Z] GET /proses/provider 200 | 9646 bytes - 49.535 ms
[2024-04-01T03:28:19.340Z] GET /proses/provider 200 | 9646 bytes - 42.655 ms
[2024-04-01T03:40:35.583Z] GET /proses/pole 200 | 1350 bytes - 888.348 ms
[2024-04-01T03:40:39.208Z] GET /proses/provider 200 | 9646 bytes - 38.571 ms
[2024-04-01T03:40:43.397Z] GET /proses/provider 200 | 9646 bytes - 40.034 ms
[2024-04-01T03:40:59.924Z] GET /proses/provider 200 | 9646 bytes - 43.314 ms
[2024-04-01T04:09:24.929Z] POST /proses/new 500 | 2 bytes - 98.348 ms
[2024-04-01T04:10:38.014Z] POST /proses/new 500 | 2 bytes - 144.718 ms
[2024-04-01T04:38:44.298Z] POST /proses/new 500 | 2 bytes - 255.439 ms
[2024-04-01T04:42:58.547Z] POST /proses/new 500 | 2 bytes - 113.333 ms
[2024-04-01T04:45:13.812Z] POST /proses/new 500 | 2 bytes - 119.634 ms
[2024-04-01T04:46:44.766Z] POST /proses/new 500 | 2 bytes - 133.410 ms
[2024-04-01T04:49:22.543Z] POST /proses/new 200 | 68 bytes - 1317.054 ms
[2024-04-01T04:57:29.453Z] POST /proses/new 200 | 68 bytes - 3467.480 ms
[2024-04-01T05:10:57.905Z] GET /proses/pole 200 | 1602 bytes - 1685.489 ms
[2024-04-01T05:11:01.867Z] GET /proses/provider 200 | 9646 bytes - 39.725 ms
[2024-04-01T05:11:06.119Z] GET /proses/provider 200 | 9646 bytes - 40.630 ms
[2024-04-01T05:11:11.014Z] GET /proses/provider 200 | 9646 bytes - 40.415 ms
[2024-04-01T05:11:35.689Z] POST /proses/tag 500 | 2 bytes - 1132.715 ms
[2024-04-01T05:12:27.092Z] GET /proses/pole 200 | 1602 bytes - 917.476 ms
[2024-04-01T05:12:28.951Z] GET /proses/provider 200 | 9646 bytes - 40.019 ms
[2024-04-01T05:12:34.647Z] GET /proses/provider 200 | 9646 bytes - 39.784 ms
[2024-04-01T05:12:38.332Z] GET /proses/provider 200 | 9646 bytes - 40.576 ms
[2024-04-01T05:13:17.026Z] POST /proses/tag 200 | 68 bytes - 1324.641 ms
[2024-04-01T06:20:57.118Z] POST /proses/new 200 | 68 bytes - 7221.729 ms
[2024-04-01T06:23:30.871Z] POST /proses/new - | - bytes - - ms
[2024-04-01T06:23:56.798Z] GET /proses/pole 200 | 1728 bytes - 909.895 ms
[2024-04-01T06:23:58.113Z] GET /proses/sto 200 | 113 bytes - 35.795 ms
[2024-04-01T06:24:09.336Z] GET /proses/provider 200 | 9646 bytes - 52.950 ms
[2024-04-01T06:24:12.353Z] GET /proses/provider 200 | 9646 bytes - 40.360 ms
[2024-04-01T06:24:16.860Z] GET /proses/provider 200 | 9646 bytes - 40.373 ms
[2024-04-01T06:24:50.595Z] POST /proses/tag 200 | 68 bytes - 1573.088 ms
[2024-04-01T06:26:24.604Z] GET /proses/pole 200 | 1725 bytes - 904.960 ms
[2024-04-01T06:26:27.178Z] GET /proses/sto 200 | 113 bytes - 34.016 ms
[2024-04-01T06:26:35.396Z] GET /proses/provider 200 | 9646 bytes - 39.663 ms
[2024-04-01T06:26:39.070Z] GET /proses/provider 200 | 9646 bytes - 41.170 ms
[2024-04-01T06:26:42.722Z] GET /proses/provider 200 | 9646 bytes - 39.964 ms
[2024-04-01T06:27:14.144Z] POST /proses/tag 200 | 68 bytes - 1296.374 ms
[2024-04-01T06:29:47.624Z] POST /user/login 200 | 618 bytes - 120.205 ms
[2024-04-01T06:29:53.525Z] GET /proses/pole 200 | 1726 bytes - 897.829 ms
[2024-04-01T06:29:56.179Z] GET /proses/sto 200 | 113 bytes - 33.652 ms
[2024-04-01T06:30:03.833Z] GET /proses/provider 200 | 9646 bytes - 40.180 ms
[2024-04-01T06:30:06.862Z] GET /proses/provider 200 | 9646 bytes - 41.738 ms
[2024-04-01T06:30:10.966Z] GET /proses/provider 200 | 9646 bytes - 40.915 ms
[2024-04-01T06:31:33.758Z] GET /proses/provider 200 | 9646 bytes - 44.107 ms
[2024-04-01T06:33:01.816Z] POST /proses/new 200 | 68 bytes - 1277.350 ms
[2024-04-01T06:39:26.490Z] GET /proses/pole 200 | 1882 bytes - 905.725 ms
[2024-04-01T06:39:28.608Z] GET /proses/sto 200 | 113 bytes - 33.842 ms
[2024-04-01T06:39:39.936Z] GET /proses/provider 200 | 9646 bytes - 43.073 ms
[2024-04-01T06:39:43.898Z] GET /proses/provider 200 | 9646 bytes - 39.506 ms
[2024-04-01T06:39:48.877Z] GET /proses/provider 200 | 9646 bytes - 45.039 ms
[2024-04-01T06:40:20.539Z] POST /proses/new 200 | 68 bytes - 1104.675 ms
[2024-04-01T06:50:22.345Z] GET /proses/pole 200 | 1887 bytes - 913.468 ms
[2024-04-01T06:50:24.072Z] GET /proses/sto 200 | 113 bytes - 42.955 ms
[2024-04-01T06:50:31.555Z] GET /proses/provider 200 | 9646 bytes - 41.560 ms
[2024-04-01T06:50:34.524Z] GET /proses/provider 200 | 9646 bytes - 41.107 ms
[2024-04-01T06:50:38.458Z] GET /proses/provider 200 | 9646 bytes - 39.462 ms
[2024-04-01T06:51:11.928Z] POST /proses/new 200 | 68 bytes - 1394.938 ms
[2024-04-01T06:55:38.716Z] POST /user/login 200 | 618 bytes - 96.446 ms
[2024-04-01T06:55:44.095Z] GET /proses/pole 200 | 2020 bytes - 890.403 ms
[2024-04-01T06:55:45.599Z] GET /proses/sto 200 | 113 bytes - 36.049 ms
[2024-04-01T06:55:53.300Z] GET /proses/provider 200 | 9646 bytes - 41.944 ms
[2024-04-01T06:55:56.221Z] GET /proses/provider 200 | 9646 bytes - 40.707 ms
[2024-04-01T06:57:08.561Z] GET /proses/provider 200 | 9646 bytes - 43.466 ms
[2024-04-01T07:08:07.653Z] GET /proses/pole 200 | 1546 bytes - 901.683 ms
[2024-04-01T07:08:11.301Z] GET /proses/sto 200 | 113 bytes - 35.275 ms
[2024-04-01T07:08:21.354Z] GET /proses/provider 200 | 9646 bytes - 38.810 ms
[2024-04-01T07:08:24.971Z] GET /proses/provider 200 | 9646 bytes - 42.119 ms
[2024-04-01T07:08:29.656Z] GET /proses/provider 200 | 9646 bytes - 39.720 ms
[2024-04-01T07:12:52.318Z] GET /proses/pole 200 | 2139 bytes - 903.850 ms
[2024-04-01T07:12:56.678Z] GET /proses/sto 200 | 113 bytes - 45.369 ms
[2024-04-01T07:13:04.458Z] GET /proses/provider 200 | 9646 bytes - 38.532 ms
[2024-04-01T07:13:08.604Z] GET /proses/provider 200 | 9646 bytes - 39.181 ms
[2024-04-01T07:13:12.850Z] GET /proses/provider 200 | 9646 bytes - 53.501 ms
[2024-04-01T07:13:41.035Z] POST /proses/new 500 | 2 bytes - 661.402 ms
[2024-04-01T07:18:04.970Z] GET /proses/pole 200 | 2264 bytes - 902.659 ms
[2024-04-01T07:18:06.352Z] GET /proses/sto 200 | 113 bytes - 34.231 ms
[2024-04-01T07:18:14.691Z] GET /proses/provider 200 | 9646 bytes - 47.842 ms
[2024-04-01T07:18:18.086Z] GET /proses/provider 200 | 9646 bytes - 38.714 ms
[2024-04-01T07:18:22.138Z] GET /proses/provider 200 | 9646 bytes - 39.584 ms
[2024-04-01T07:19:54.008Z] POST /proses/new - | - bytes - - ms
[2024-04-01T07:33:11.308Z] POST /user/login 200 | 618 bytes - 105.452 ms
[2024-04-01T07:33:17.352Z] GET /proses/pole 200 | 2271 bytes - 906.237 ms
[2024-04-01T07:33:20.678Z] GET /proses/sto 200 | 113 bytes - 34.490 ms
[2024-04-01T07:33:30.118Z] GET /proses/provider 200 | 9646 bytes - 44.960 ms
[2024-04-01T07:33:34.708Z] GET /proses/provider 200 | 9646 bytes - 42.331 ms
[2024-04-01T07:33:39.744Z] GET /proses/provider 200 | 9646 bytes - 39.679 ms
[2024-04-01T07:34:13.068Z] POST /proses/new 200 | 68 bytes - 960.015 ms
[2024-04-01T07:41:34.798Z] GET /proses/pole 200 | 2404 bytes - 919.625 ms
[2024-04-01T07:41:37.132Z] GET /proses/sto 200 | 113 bytes - 33.365 ms
[2024-04-01T07:41:47.115Z] GET /proses/provider 200 | 9646 bytes - 42.661 ms
[2024-04-01T07:41:49.995Z] GET /proses/provider 200 | 9646 bytes - 43.760 ms
[2024-04-01T07:41:54.269Z] GET /proses/provider 200 | 9646 bytes - 40.011 ms
[2024-04-01T07:43:57.100Z] POST /proses/new 200 | 68 bytes - 1081.770 ms
[2024-04-01T07:44:22.882Z] GET /proses/pole 200 | 137 bytes - 903.682 ms
[2024-04-01T07:50:13.857Z] GET /proses/pole 200 | 2647 bytes - 900.599 ms
[2024-04-01T07:50:27.472Z] GET /proses/provider 200 | 9646 bytes - 50.011 ms
[2024-04-01T07:50:34.253Z] GET /proses/provider 200 | 9646 bytes - 41.273 ms
[2024-04-01T07:50:39.307Z] GET /proses/provider 200 | 9646 bytes - 40.686 ms
[2024-04-01T07:51:08.760Z] POST /proses/tag 200 | 68 bytes - 1135.529 ms
[2024-04-01T07:52:00.021Z] GET /proses/pole 403 | 33 bytes - 13.831 ms
[2024-04-01T07:52:17.425Z] GET /proses/pole 403 | 33 bytes - 12.388 ms
[2024-04-01T07:52:27.413Z] GET /proses/sto 403 | 33 bytes - 4.640 ms
[2024-04-01T07:52:50.191Z] GET /proses/pole 403 | 33 bytes - 13.446 ms
[2024-04-01T07:53:11.627Z] GET /proses/sto 403 | 33 bytes - 4.639 ms
[2024-04-01T07:53:48.673Z] GET /proses/sto 200 | 113 bytes - 35.836 ms
[2024-04-01T08:55:18.073Z] POST /user/login 200 | 641 bytes - 102.383 ms
[2024-04-01T08:55:24.000Z] GET /proses/pole 200 | 2651 bytes - 891.815 ms
[2024-04-01T08:55:26.892Z] GET /proses/provider 200 | 9646 bytes - 38.130 ms
[2024-04-01T08:55:30.545Z] GET /proses/provider 200 | 9646 bytes - 51.862 ms
[2024-04-01T08:55:34.382Z] GET /proses/provider 200 | 9646 bytes - 41.072 ms
[2024-04-01T08:56:05.680Z] POST /proses/tag 200 | 68 bytes - 989.959 ms
[2024-04-01T08:56:14.642Z] GET /proses/pole 200 | 2651 bytes - 914.963 ms
[2024-04-01T08:56:15.572Z] GET /proses/sto 200 | 113 bytes - 32.773 ms
[2024-04-01T08:56:33.076Z] GET /proses/provider 200 | 9646 bytes - 44.577 ms
[2024-04-01T08:56:37.958Z] GET /proses/provider 200 | 9646 bytes - 40.661 ms
[2024-04-01T08:56:41.985Z] GET /proses/provider 200 | 9646 bytes - 46.613 ms
[2024-04-01T08:58:14.221Z] POST /proses/tag 200 | 68 bytes - 1044.728 ms
[2024-04-01T08:59:21.667Z] GET /proses/pole 200 | 2648 bytes - 905.600 ms
[2024-04-01T08:59:26.521Z] GET /proses/provider 200 | 9646 bytes - 41.068 ms
[2024-04-01T08:59:30.577Z] GET /proses/provider 200 | 9646 bytes - 39.966 ms
[2024-04-01T08:59:35.378Z] GET /proses/provider 200 | 9646 bytes - 42.271 ms
[2024-04-01T09:00:12.552Z] POST /proses/tag 200 | 68 bytes - 998.758 ms
[2024-04-01T09:00:20.390Z] GET /proses/pole 200 | 2648 bytes - 902.013 ms
[2024-04-01T09:00:21.366Z] GET /proses/sto 200 | 113 bytes - 34.937 ms
[2024-04-01T09:00:31.978Z] GET /proses/provider 200 | 9646 bytes - 44.402 ms
[2024-04-01T09:00:39.528Z] GET /proses/provider 200 | 9646 bytes - 39.236 ms
[2024-04-01T09:01:37.704Z] POST /proses/new 200 | 68 bytes - 941.339 ms
[2024-04-01T09:03:10.841Z] GET /proses/pole 200 | 2779 bytes - 902.038 ms
[2024-04-01T09:03:15.321Z] GET /proses/provider 200 | 9646 bytes - 40.720 ms
[2024-04-01T09:03:20.521Z] GET /proses/provider 200 | 9646 bytes - 39.318 ms
[2024-04-01T09:04:07.322Z] POST /proses/new 200 | 68 bytes - 834.064 ms
[2024-04-02T02:12:50.719Z] GET /proses/pole 403 | 33 bytes - 402.265 ms
