[2024-05-01T08:13:36.412Z] POST /user/login 200 | 641 bytes - 109.207 ms
[2024-05-01T08:13:47.624Z] GET /proses/pole 200 | 2 bytes - 854.153 ms
[2024-05-01T08:14:36.645Z] GET /proses/sto 200 | 113 bytes - 35.885 ms
[2024-05-01T08:42:16.257Z] POST /user/login 200 | 663 bytes - 98.079 ms
[2024-05-01T08:42:23.138Z] GET /proses/pole 200 | 2 bytes - 906.122 ms
[2024-05-01T08:42:24.062Z] GET /proses/sto 200 | 323 bytes - 31.726 ms
[2024-05-01T08:43:20.725Z] GET /proses/provider 200 | 9646 bytes - 43.666 ms
[2024-05-01T08:45:40.306Z] GET /proses/provider 200 | 9646 bytes - 41.718 ms
[2024-05-01T08:48:03.610Z] GET /proses/provider 200 | 9646 bytes - 41.021 ms
[2024-05-01T08:56:45.863Z] GET /proses/provider 200 | 9646 bytes - 43.578 ms
[2024-05-01T09:00:11.062Z] POST /user/login 200 | 685 bytes - 173.598 ms
[2024-05-01T09:00:20.979Z] GET /proses/pole 200 | 2 bytes - 906.166 ms
[2024-05-01T09:00:23.852Z] GET /proses/sto 200 | 323 bytes - 31.900 ms
[2024-05-01T09:00:59.787Z] GET /proses/provider 200 | 9646 bytes - 42.572 ms
[2024-05-01T09:01:05.510Z] GET /proses/provider 200 | 9646 bytes - 39.648 ms
[2024-05-01T09:01:41.075Z] GET /proses/provider 200 | 9646 bytes - 42.947 ms
[2024-05-01T09:03:36.919Z] POST /proses/new - | - bytes - - ms
[2024-05-01T09:04:37.777Z] POST /user/login 401 | 28 bytes - 83.380 ms
[2024-05-01T09:04:47.210Z] POST /user/login 200 | 641 bytes - 119.111 ms
[2024-05-01T09:05:00.645Z] GET /proses/pole 200 | 2 bytes - 878.583 ms
[2024-05-01T09:05:18.885Z] GET /proses/pole 200 | 2 bytes - 882.388 ms
[2024-05-01T09:05:22.752Z] GET /proses/sto 200 | 113 bytes - 32.348 ms
[2024-05-01T09:16:50.356Z] GET /proses/pole 200 | 2 bytes - 1036.456 ms
[2024-05-01T09:16:52.735Z] GET /proses/sto 200 | 323 bytes - 34.113 ms
[2024-05-01T09:17:10.951Z] GET /proses/provider 200 | 9646 bytes - 41.149 ms
[2024-05-01T09:17:13.782Z] GET /proses/provider 200 | 9646 bytes - 39.702 ms
[2024-05-01T09:17:23.616Z] GET /proses/provider 200 | 9646 bytes - 41.471 ms
[2024-05-01T09:19:11.705Z] POST /proses/new - | - bytes - - ms
[2024-05-01T09:20:30.624Z] POST /user/login 200 | 685 bytes - 112.710 ms
[2024-05-01T09:20:43.546Z] GET /proses/pole 200 | 2 bytes - 905.037 ms
[2024-05-01T09:20:46.142Z] GET /proses/sto 200 | 323 bytes - 34.281 ms
[2024-05-01T09:21:08.377Z] GET /proses/provider 200 | 9646 bytes - 41.277 ms
[2024-05-01T09:21:11.733Z] GET /proses/provider 200 | 9646 bytes - 37.534 ms
[2024-05-01T09:21:34.720Z] GET /proses/provider 200 | 9646 bytes - 41.016 ms
[2024-05-01T09:24:18.730Z] GET /proses/pole 200 | 2 bytes - 836.482 ms
[2024-05-01T09:24:20.938Z] GET /proses/sto 200 | 113 bytes - 33.507 ms
[2024-05-01T09:24:30.062Z] GET /proses/provider 200 | 9646 bytes - 69.628 ms
[2024-05-01T09:24:34.850Z] GET /proses/provider 200 | 9646 bytes - 38.990 ms
[2024-05-01T09:25:01.037Z] GET /proses/provider 200 | 9646 bytes - 43.296 ms
[2024-05-01T09:26:54.389Z] POST /proses/new - | - bytes - - ms
[2024-05-02T06:57:04.394Z] POST /user/login 200 | 641 bytes - 285.205 ms
