[2024-06-10T03:18:29.088Z] OPTIONS /user/login 204 | 0 bytes - 1.241 ms
[2024-06-10T03:18:51.146Z] OPTIONS /user/login 204 | 0 bytes - 1.269 ms
[2024-06-10T03:20:09.958Z] OPTIONS /user/login 204 | 0 bytes - 1.281 ms
[2024-06-10T03:20:43.732Z] POST /user/login 200 | 641 bytes - 627.682 ms
[2024-06-10T03:20:44.681Z] GET /proses/pole 400 | 44 bytes - 14.827 ms
[2024-06-10T03:25:14.248Z] OPTIONS /user/login 204 | 0 bytes - 1.285 ms
[2024-06-10T03:26:05.226Z] OPTIONS /user/login 204 | 0 bytes - 1.288 ms
[2024-06-10T03:32:40.336Z] OPTIONS /user/login 204 | 0 bytes - 1.151 ms
[2024-06-10T03:38:04.618Z] OPTIONS /user/login 204 | 0 bytes - 1.079 ms
[2024-06-10T04:08:10.105Z] OPTIONS /user/login 401 | 36 bytes - 3.027 ms
[2024-06-10T04:37:17.761Z] OPTIONS /user/login 204 | 0 bytes - 1.039 ms
[2024-06-10T04:41:42.435Z] OPTIONS /user/login 204 | 0 bytes - 1.153 ms
[2024-06-10T04:42:21.823Z] OPTIONS /user/login 204 | 0 bytes - 1.128 ms
[2024-06-10T04:45:43.271Z] OPTIONS /user/login - | - bytes - - ms
[2024-06-10T04:47:47.125Z] OPTIONS /user/login 204 | 0 bytes - 6.606 ms
[2024-06-10T05:05:11.613Z] POST /user/login - | - bytes - - ms
[2024-06-10T05:07:45.064Z] POST /user/login 200 | 641 bytes - 569.660 ms
[2024-06-10T05:09:07.474Z] POST /user/login 200 | 641 bytes - 91.619 ms
[2024-06-10T05:09:16.749Z] GET /proses/pole 400 | 44 bytes - 7.826 ms
[2024-06-10T05:09:58.095Z] GET /proses/sto 200 | 113 bytes - 39.402 ms
[2024-06-10T05:10:30.736Z] GET /proses/pole 400 | 44 bytes - 7.859 ms
[2024-06-10T05:11:15.795Z] GET /proses/pole 400 | 44 bytes - 11.103 ms
[2024-06-10T05:12:22.913Z] GET /proses/pole 400 | 44 bytes - 8.126 ms
[2024-06-10T05:12:39.806Z] GET /proses/pole 400 | 44 bytes - 7.776 ms
[2024-06-10T05:13:06.926Z] GET /proses/pole 400 | 44 bytes - 7.508 ms
[2024-06-10T05:15:01.322Z] GET /proses/sto 200 | 113 bytes - 40.545 ms
[2024-06-10T05:15:15.949Z] GET /proses/provider 200 | 9842 bytes - 43.615 ms
[2024-06-10T05:15:24.595Z] GET /proses/provider 304 | - bytes - 39.721 ms
[2024-06-10T05:15:30.919Z] GET /proses/provider 304 | - bytes - 39.873 ms
[2024-06-10T05:17:00.610Z] GET /proses/pole 400 | 44 bytes - 7.693 ms
[2024-06-10T05:17:03.633Z] GET /proses/pole 400 | 44 bytes - 7.663 ms
[2024-06-10T05:17:09.434Z] GET /proses/pole 400 | 44 bytes - 7.343 ms
[2024-06-10T08:13:48.191Z] GET /proses/pole 403 | 33 bytes - 192.491 ms
[2024-06-10T13:11:42.020Z] OPTIONS /user/login 204 | 0 bytes - 1.057 ms
