[2023-10-11T01:20:23.397Z] GET /provider 200 | 2 bytes - 18.127 ms
[2023-10-11T01:25:06.881Z] GET /provider 200 | 2 bytes - 18.848 ms
[2023-10-11T02:18:39.331Z] GET /provider 200 | 452 bytes - 74.703 ms
[2023-10-11T02:19:02.649Z] GET /provider 200 | 452 bytes - 66.934 ms
[2023-10-11T02:19:23.762Z] GET /provider?name=icon 200 | 48 bytes - 55.936 ms
[2023-10-11T04:08:10.178Z] GET /OTP/req 404 | 33 bytes - 147.490 ms
[2023-10-11T04:09:26.790Z] GET /OTP/req 404 | 33 bytes - 0.943 ms
[2023-10-11T04:09:34.686Z] GET /OTP/req 404 | 33 bytes - 1.778 ms
[2023-10-11T04:10:25.843Z] GET /OTP/ 404 | 33 bytes - 14.541 ms
[2023-10-11T04:12:00.583Z] GET /provider?name=icon 200 | 52 bytes - 72.845 ms
[2023-10-11T04:12:11.008Z] GET /provider 200 | 476 bytes - 22.301 ms
[2023-10-11T04:13:05.472Z] GET /otp 404 | 33 bytes - 13.664 ms
[2023-10-11T04:13:07.343Z] GET /otp 404 | 33 bytes - 1.654 ms
[2023-10-11T04:13:08.833Z] GET /otp 404 | 33 bytes - 1.168 ms
[2023-10-11T04:15:00.064Z] POST /otp 200 | 26 bytes - 117.810 ms
[2023-10-11T04:15:12.422Z] POST /otp 200 | 26 bytes - 44.028 ms
[2023-10-11T04:15:27.767Z] POST /otp 200 | 26 bytes - 57.655 ms
[2023-10-11T04:15:53.275Z] POST /otp 200 | 26 bytes - 129.623 ms
[2023-10-11T04:16:09.306Z] POST /otp 200 | 26 bytes - 157.460 ms
[2023-10-11T04:16:28.706Z] POST /otp 200 | 26 bytes - 81.917 ms
[2023-10-11T04:16:37.422Z] POST /otp 200 | 32 bytes - 88.139 ms
[2023-10-11T04:16:44.754Z] POST /otp 200 | 32 bytes - 12.095 ms
[2023-10-11T04:16:52.901Z] POST /otp 200 | 32 bytes - 8.477 ms
[2023-10-11T04:19:07.505Z] POST /otp 200 | 32 bytes - 82.087 ms
[2023-10-11T04:22:16.824Z] POST /otp 200 | 32 bytes - 76.674 ms
[2023-10-11T04:22:36.220Z] POST /otp 200 | 32 bytes - 75.446 ms
[2023-10-11T04:22:52.034Z] POST /otp 200 | 32 bytes - 459.788 ms
[2023-10-11T04:23:25.351Z] POST /otp 200 | 32 bytes - 85.625 ms
[2023-10-11T04:23:37.448Z] POST /otp 200 | 26 bytes - 136.305 ms
[2023-10-11T04:23:44.851Z] POST /otp 200 | 26 bytes - 22.311 ms
[2023-10-11T04:23:47.059Z] POST /otp 200 | 26 bytes - 7.177 ms
[2023-10-11T04:24:08.668Z] POST /otp 200 | 26 bytes - 34.738 ms
[2023-10-11T04:24:19.407Z] POST /otp 200 | 26 bytes - 83.444 ms
[2023-10-11T04:24:24.631Z] POST /otp 200 | 26 bytes - 8.714 ms
[2023-10-11T04:25:03.830Z] POST /otp 200 | 26 bytes - 84.691 ms
[2023-10-11T04:25:50.568Z] POST /otp 200 | 32 bytes - 79.746 ms
[2023-10-11T04:25:57.246Z] POST /otp 200 | 32 bytes - 19.442 ms
[2023-10-11T04:26:30.635Z] POST /otp 200 | 242 bytes - 84.565 ms
[2023-10-11T04:26:48.693Z] POST /otp 200 | 41 bytes - 24.790 ms
[2023-10-11T04:28:38.140Z] POST /otp 200 | 242 bytes - 89.681 ms
[2023-10-11T04:29:50.602Z] POST /otp 200 | 242 bytes - 85.941 ms
[2023-10-11T04:30:11.576Z] POST /otp 200 | 41 bytes - 34.755 ms
[2023-10-11T04:30:32.245Z] POST /otp 200 | 41 bytes - 86.296 ms
[2023-10-11T04:30:36.105Z] POST /otp 200 | 26 bytes - 16.902 ms
[2023-10-11T04:30:52.924Z] POST /otp 200 | 26 bytes - 80.212 ms
[2023-10-11T04:30:57.282Z] POST /otp 200 | 32 bytes - 10.158 ms
[2023-10-11T04:41:56.643Z] POST /otp 200 | 32 bytes - 75.947 ms
[2023-10-11T04:42:06.345Z] POST /otp 200 | 26 bytes - 8.946 ms
[2023-10-11T04:43:35.848Z] POST /otp 200 | 26 bytes - 84.832 ms
[2023-10-11T04:44:19.486Z] POST /otp 200 | 26 bytes - 90.951 ms
[2023-10-11T04:44:47.544Z] POST /otp 200 | 26 bytes - 89.715 ms
[2023-10-11T04:46:49.556Z] POST /otp 200 | 26 bytes - 77.857 ms
[2023-10-11T04:47:41.763Z] POST /otp 200 | 26 bytes - 92.923 ms
[2023-10-11T04:48:47.885Z] POST /otp 200 | 26 bytes - 148.140 ms
[2023-10-11T04:50:30.381Z] POST /otp 200 | 26 bytes - 82.420 ms
[2023-10-11T04:51:14.218Z] POST /otp 200 | 26 bytes - 71.812 ms
[2023-10-11T04:51:44.426Z] POST /otp 200 | 26 bytes - 108.194 ms
[2023-10-11T04:52:18.749Z] POST /otp 200 | 26 bytes - 95.811 ms
[2023-10-11T04:52:48.329Z] POST /otp 200 | 26 bytes - 86.473 ms
[2023-10-11T06:10:18.329Z] POST /otp 200 | 72 bytes - 325.937 ms
[2023-10-11T06:59:43.683Z] POST /otp 200 | 72 bytes - 150.672 ms
[2023-10-11T07:00:24.426Z] POST /otp 200 | 72 bytes - 106.829 ms
[2023-10-11T07:01:21.909Z] POST /otp 200 | 72 bytes - 80.709 ms
[2023-10-11T07:01:46.276Z] POST /otp 200 | 72 bytes - 76.960 ms
[2023-10-11T07:35:04.985Z] POST /otp 200 | 72 bytes - 144.464 ms
[2023-10-11T07:35:20.462Z] POST /otp 200 | 72 bytes - 26.189 ms
[2023-10-11T07:42:35.247Z] POST /otp 200 | 72 bytes - 137.359 ms
[2023-10-11T07:43:16.108Z] POST /otp 200 | 72 bytes - 142.947 ms
[2023-10-11T07:44:32.669Z] POST /otp 200 | 72 bytes - 149.618 ms
[2023-10-11T07:46:13.406Z] POST /otp 200 | 72 bytes - 188.851 ms
[2023-10-11T07:48:05.729Z] POST /otp 200 | 72 bytes - 130.257 ms
[2023-10-11T07:49:06.582Z] POST /otp 200 | 72 bytes - 145.622 ms
[2023-10-11T07:52:20.590Z] POST /otp 200 | 72 bytes - 139.602 ms
[2023-10-11T07:53:08.584Z] POST /otp 200 | 72 bytes - 149.570 ms
[2023-10-11T07:56:28.737Z] POST /otp 200 | 72 bytes - 193.352 ms
[2023-10-11T07:57:38.854Z] POST /otp 200 | 72 bytes - 209.879 ms
[2023-10-11T07:59:41.420Z] POST /otp 200 | 72 bytes - 162.750 ms
[2023-10-11T08:01:26.243Z] POST /otp 200 | 72 bytes - 155.256 ms
[2023-10-11T08:43:54.548Z] POST /otp/req 200 | 32 bytes - 92.183 ms
[2023-10-11T08:45:00.295Z] POST /otp/req 200 | 72 bytes - 210.950 ms
[2023-10-11T08:46:22.038Z] POST /otp/req 200 | 72 bytes - 151.552 ms
[2023-10-11T08:54:14.271Z] POST /otp/req 200 | 72 bytes - 145.260 ms
[2023-10-11T08:55:26.473Z] POST /otp/val 200 | 302 bytes - 144.341 ms
[2023-10-11T08:57:35.498Z] POST /otp/req 200 | 72 bytes - 151.280 ms
[2023-10-11T08:57:58.385Z] POST /otp/val 200 | 302 bytes - 33.920 ms
[2023-10-11T08:59:20.293Z] POST /otp/val 200 | 33 bytes - 97.485 ms
[2023-10-11T09:00:51.348Z] POST /otp/req 200 | 72 bytes - 215.660 ms
[2023-10-11T09:01:04.830Z] POST /otp/val 200 | 300 bytes - 33.078 ms
[2023-10-11T09:27:39.333Z] GET /provider 401 | 36 bytes - 4.193 ms
[2023-10-11T09:28:36.095Z] GET /provider 200 | 476 bytes - 96.906 ms
[2023-10-11T09:28:40.046Z] GET /provider 200 | 476 bytes - 33.447 ms
[2023-10-11T09:28:41.462Z] GET /provider 200 | 476 bytes - 18.566 ms
[2023-10-11T09:28:43.435Z] GET /provider 200 | 476 bytes - 20.727 ms
[2023-10-11T09:28:48.615Z] GET /provider 403 | 33 bytes - 0.868 ms
[2023-10-11T09:28:55.262Z] GET /provider 200 | 476 bytes - 52.856 ms
[2023-10-11T09:29:42.756Z] GET /provider?name=icon 200 | 52 bytes - 153.648 ms
[2023-10-11T09:30:15.127Z] GET /provider?name=icon 200 | 52 bytes - 83.473 ms
[2023-10-11T09:30:20.219Z] GET /provider 200 | 476 bytes - 8.099 ms
[2023-10-11T09:30:28.366Z] GET /provider 200 | 447 bytes - 89.991 ms
[2023-10-11T09:30:40.612Z] GET /provider 200 | 436 bytes - 70.233 ms
