[2024-05-11T04:20:10.278Z] GET /proses/pole 200 | 2 bytes - 900.659 ms
[2024-05-11T04:20:13.111Z] GET /proses/sto 200 | 295 bytes - 32.048 ms
[2024-05-11T04:20:38.425Z] GET /proses/provider 200 | 9842 bytes - 43.040 ms
[2024-05-11T04:20:46.151Z] GET /proses/provider 200 | 9842 bytes - 39.526 ms
[2024-05-11T04:21:04.633Z] GET /proses/provider 200 | 9842 bytes - 44.961 ms
[2024-05-11T04:21:31.069Z] POST /proses/new 200 | 71 bytes - 1664.597 ms
[2024-05-11T04:22:11.234Z] POST /user/login 200 | 685 bytes - 91.190 ms
[2024-05-11T04:22:16.555Z] GET /proses/sto 200 | 323 bytes - 7.384 ms
[2024-05-11T04:22:28.224Z] GET /proses/provider 200 | 9842 bytes - 41.194 ms
[2024-05-11T04:22:30.594Z] GET /proses/provider 200 | 9842 bytes - 40.361 ms
[2024-05-11T04:22:35.921Z] GET /proses/provider 200 | 9842 bytes - 40.073 ms
[2024-05-11T04:22:55.900Z] POST /proses/new 500 | 2 bytes - 1314.467 ms
[2024-05-11T04:31:28.687Z] GET /proses/sto 200 | 323 bytes - 8.583 ms
[2024-05-11T04:31:40.907Z] GET /proses/provider 200 | 9842 bytes - 46.231 ms
[2024-05-11T04:31:48.900Z] GET /proses/provider 200 | 9842 bytes - 38.637 ms
[2024-05-11T04:31:53.482Z] GET /proses/provider 200 | 9842 bytes - 38.790 ms
[2024-05-11T04:32:08.551Z] POST /proses/new 500 | 2 bytes - 689.095 ms
[2024-05-11T04:33:13.760Z] GET /proses/sto 200 | 323 bytes - 7.974 ms
[2024-05-11T04:33:37.012Z] GET /proses/provider 200 | 9842 bytes - 41.666 ms
[2024-05-11T04:33:40.285Z] GET /proses/provider 200 | 9842 bytes - 47.748 ms
[2024-05-11T04:33:53.037Z] GET /proses/provider 200 | 9842 bytes - 40.611 ms
[2024-05-11T04:35:12.833Z] POST /proses/new - | - bytes - - ms
[2024-05-11T05:25:08.359Z] GET /proses/pole 403 | 33 bytes - 28.188 ms
[2024-05-11T05:25:21.132Z] GET /proses/sto 403 | 33 bytes - 7.714 ms
[2024-05-11T05:25:35.089Z] GET /proses/pole 403 | 33 bytes - 14.944 ms
[2024-05-11T05:26:47.819Z] POST /user/login 200 | 685 bytes - 131.162 ms
[2024-05-11T05:26:51.077Z] GET /proses/pole 200 | 383 bytes - 863.909 ms
[2024-05-11T05:26:59.488Z] GET /proses/provider 200 | 9842 bytes - 38.698 ms
[2024-05-11T05:27:01.886Z] GET /proses/provider 200 | 9842 bytes - 38.759 ms
[2024-05-11T05:27:06.056Z] GET /proses/provider 200 | 9842 bytes - 40.073 ms
[2024-05-11T05:27:20.192Z] POST /proses/tag 500 | 2 bytes - 836.288 ms
[2024-05-11T05:27:40.927Z] GET /proses/pole 200 | 384 bytes - 977.068 ms
[2024-05-11T05:28:46.791Z] GET /proses/provider 200 | 9842 bytes - 39.510 ms
[2024-05-11T05:28:49.310Z] GET /proses/provider 200 | 9842 bytes - 38.243 ms
[2024-05-11T05:28:52.343Z] GET /proses/provider 200 | 9842 bytes - 39.192 ms
[2024-05-11T05:29:31.257Z] GET /proses/sto 200 | 323 bytes - 9.042 ms
[2024-05-11T05:30:14.166Z] GET /proses/pole 200 | 384 bytes - 948.047 ms
[2024-05-11T05:30:17.359Z] GET /proses/provider 200 | 9842 bytes - 39.700 ms
[2024-05-11T05:30:22.646Z] GET /proses/provider 200 | 9842 bytes - 40.549 ms
[2024-05-11T05:31:01.895Z] GET /proses/pole 200 | 384 bytes - 951.069 ms
[2024-05-11T05:31:04.369Z] GET /proses/provider 200 | 9842 bytes - 45.601 ms
[2024-05-11T05:31:11.189Z] GET /proses/provider 200 | 9842 bytes - 38.426 ms
[2024-05-11T05:32:36.085Z] GET /proses/pole 200 | 384 bytes - 916.123 ms
[2024-05-11T05:32:37.298Z] GET /proses/provider 200 | 9842 bytes - 40.824 ms
[2024-05-11T05:32:39.419Z] GET /proses/provider 200 | 9842 bytes - 39.338 ms
[2024-05-11T05:32:47.569Z] GET /proses/provider 200 | 9842 bytes - 40.216 ms
[2024-05-11T05:33:07.791Z] POST /proses/tag 200 | 83 bytes - 376.941 ms
[2024-05-11T05:33:34.360Z] GET /proses/pole 200 | 383 bytes - 883.161 ms
[2024-05-11T05:33:35.760Z] GET /proses/provider 200 | 9842 bytes - 39.440 ms
[2024-05-11T05:33:38.065Z] GET /proses/provider 200 | 9842 bytes - 39.911 ms
[2024-05-11T05:33:45.051Z] GET /proses/provider 200 | 9842 bytes - 39.980 ms
[2024-05-11T05:33:57.361Z] POST /proses/tag 200 | 83 bytes - 238.704 ms
[2024-05-13T04:01:43.842Z] GET /proses/pole 403 | 33 bytes - 583.531 ms
