[2023-10-12T01:37:46.059Z] GET /jenis 401 | 36 bytes - 19.973 ms
[2023-10-12T01:44:34.232Z] GET /jenis 401 | 36 bytes - 17.245 ms
[2023-10-12T01:45:10.822Z] GET /provider 200 | 436 bytes - 150.334 ms
[2023-10-12T01:45:25.957Z] GET /provider 401 | 36 bytes - 3.107 ms
[2023-10-12T01:46:42.458Z] GET /provider 401 | 36 bytes - 18.030 ms
[2023-10-12T01:46:48.667Z] GET /provider 200 | 436 bytes - 134.523 ms
[2023-10-12T01:46:59.302Z] GET /jenis 200 | 451 bytes - 35.856 ms
[2023-10-12T02:04:18.255Z] POST /proses 404 | 33 bytes - 18.508 ms
[2023-10-12T02:04:36.628Z] POST /proses/ 404 | 33 bytes - 5.135 ms
[2023-10-12T02:05:36.050Z] POST /proses/ 404 | 33 bytes - 24.406 ms
[2023-10-12T02:06:02.222Z] POST /proses 404 | 33 bytes - 5.899 ms
[2023-10-12T02:06:15.026Z] GET /proses 200 | 109 bytes - 14.518 ms
[2023-10-12T02:06:43.204Z] GET /proses 200 | 18 bytes - 33.907 ms
[2023-10-12T02:11:01.602Z] GET /proses 200 | 391 bytes - 1638.308 ms
[2023-10-12T02:18:18.446Z] GET /proses 200 | 391 bytes - 1647.489 ms
[2023-10-12T02:27:25.233Z] GET /proses 200 | 2 bytes - 1936.024 ms
[2023-10-12T02:27:34.518Z] GET /proses 200 | 391 bytes - 1517.811 ms
[2023-10-12T02:28:12.040Z] GET /proses 200 | 121 bytes - 1697.138 ms
[2023-10-12T02:45:27.031Z] GET /proses 200 | 121 bytes - 1594.592 ms
[2023-10-12T02:52:12.086Z] GET /proses 200 | 1203 bytes - 2005.353 ms
[2023-10-12T03:01:44.335Z] GET /proses 200 | 1203 bytes - 3881.253 ms
[2023-10-12T03:06:32.460Z] GET /proses 200 | 280 bytes - 3436.964 ms
[2023-10-12T04:38:22.895Z] GET /proses 200 | 154 bytes - 4232.035 ms
[2023-10-12T04:40:01.243Z] GET /proses 200 | 292 bytes - 3556.518 ms
[2023-10-12T04:40:47.447Z] GET /proses 200 | 292 bytes - 3554.809 ms
[2023-10-12T06:32:34.630Z] POST /proses/ 200 | 433 bytes - 1683.669 ms
[2023-10-12T06:36:09.140Z] POST /proses/ 200 | 433 bytes - 1794.935 ms
[2023-10-12T06:36:20.346Z] POST /proses/ 200 | 433 bytes - 1624.863 ms
[2023-10-12T06:37:20.207Z] POST /proses/ 200 | 433 bytes - 2375.872 ms
[2023-10-12T06:37:34.474Z] POST /proses/ 200 | 433 bytes - 1593.518 ms
[2023-10-12T06:37:44.997Z] POST /proses/ 200 | 433 bytes - 1633.125 ms
[2023-10-12T06:38:18.470Z] POST /proses/ 200 | 433 bytes - 1689.825 ms
[2023-10-12T06:52:26.182Z] POST /proses/ 200 | 433 bytes - 1777.599 ms
[2023-10-12T06:54:59.698Z] POST /proses/ 200 | 7 bytes - 2160.587 ms
[2023-10-12T06:55:15.273Z] POST /proses/ 200 | 7 bytes - 1876.396 ms
[2023-10-12T06:57:24.876Z] POST /proses/ 200 | 43 bytes - 1810.388 ms
[2023-10-12T06:58:13.710Z] POST /proses/ 200 | 43 bytes - 1957.076 ms
[2023-10-12T07:02:17.705Z] POST /proses/ 200 | 176 bytes - 1867.511 ms
[2023-10-12T07:17:40.844Z] POST /proses/ 200 | 173 bytes - 1622.175 ms
[2023-10-12T07:18:17.945Z] POST /proses/ 200 | 79 bytes - 1607.104 ms
[2023-10-12T07:19:08.009Z] POST /proses/ 200 | 79 bytes - 1500.173 ms
[2023-10-12T07:19:42.560Z] POST /proses/ 200 | 173 bytes - 1702.877 ms
[2023-10-12T07:26:39.896Z] POST /proses/ 200 | 2 bytes - 15.427 ms
[2023-10-12T07:26:43.071Z] POST /proses/ 200 | 2 bytes - 2.529 ms
[2023-10-12T07:26:47.735Z] POST /proses/ 200 | 2 bytes - 1.850 ms
[2023-10-12T07:38:11.104Z] POST /proses/ 200 | 2 bytes - 17.578 ms
[2023-10-12T07:39:40.371Z] POST /proses/ 200 | 2 bytes - 16.089 ms
[2023-10-12T07:40:40.701Z] POST /proses/ 200 | 2 bytes - 15.861 ms
[2023-10-12T07:41:07.955Z] POST /proses/ 200 | 2 bytes - 18.074 ms
[2023-10-12T07:41:20.957Z] POST /proses/ 200 | 61 bytes - 18.409 ms
[2023-10-12T07:45:25.007Z] POST /proses/ 200 | 81 bytes - 16.308 ms
[2023-10-12T07:55:03.504Z] POST /proses/ 200 | 61 bytes - 2.795 ms
[2023-10-12T07:56:27.964Z] POST /proses/ 200 | 2 bytes - 14.842 ms
[2023-10-12T07:56:35.896Z] POST /proses/ 200 | 16 bytes - 1.909 ms
[2023-10-12T08:03:14.295Z] POST /proses/ 200 | 76 bytes - 15.100 ms
[2023-10-12T08:04:35.892Z] POST /proses/ 200 | 61 bytes - 20.920 ms
[2023-10-12T08:22:16.138Z] POST /proses/ 200 | 31 bytes - 17.784 ms
[2023-10-12T08:22:30.493Z] POST /proses/ 200 | 31 bytes - 1.993 ms
[2023-10-12T08:24:39.877Z] POST /proses/ 200 | 46 bytes - 14.303 ms
[2023-10-12T08:25:45.150Z] POST /proses/ 200 | 31 bytes - 2.447 ms
[2023-10-12T08:25:56.654Z] POST /proses/ 200 | 16 bytes - 1.601 ms
[2023-10-12T08:37:50.706Z] POST /proses/ 200 | 60 bytes - 15.800 ms
[2023-10-12T08:49:03.560Z] POST /proses/ 200 | 60 bytes - 15.533 ms
[2023-10-12T08:49:15.403Z] POST /proses/ 200 | 60 bytes - 15.263 ms
[2023-10-12T08:49:39.780Z] POST /proses/ 200 | 63 bytes - 14.679 ms
[2023-10-12T08:49:54.986Z] POST /proses/ 200 | 60 bytes - 15.798 ms
[2023-10-12T08:56:13.485Z] POST /proses/ 200 | 65 bytes - 17.625 ms
[2023-10-12T08:57:27.896Z] POST /proses/ 200 | 65 bytes - 14.675 ms
[2023-10-12T09:35:37.126Z] POST /proses/ 200 | 416 bytes - 119.780 ms
[2023-10-12T09:38:26.867Z] POST /proses/ 200 | 416 bytes - 418.025 ms
[2023-10-12T09:41:03.341Z] POST /proses/ 200 | 416 bytes - 17.010 ms
[2023-10-12T09:42:43.439Z] POST /proses/ 200 | 416 bytes - 93.073 ms
[2023-10-12T09:45:24.243Z] POST /proses/ 200 | 416 bytes - 129.634 ms
[2023-10-12T09:45:58.263Z] POST /proses/ 200 | 416 bytes - 155.931 ms
