[2024-03-15T04:15:08.807Z] GET //proses/ 404 | 33 bytes - 4.701 ms
[2024-03-15T04:15:21.387Z] GET /proses/ 401 | 36 bytes - 0.872 ms
[2024-03-15T06:17:21.590Z] POST /login 200 | 39 bytes - 1783.162 ms
[2024-03-15T06:25:32.017Z] POST /login 200 | 39 bytes - 6.692 ms
[2024-03-15T06:30:03.316Z] POST /login/getBy 200 | 62 bytes - 63.512 ms
[2024-03-15T06:30:46.653Z] POST /login/getBy 200 | 62 bytes - 27.953 ms
[2024-03-15T06:30:54.368Z] POST /login/getBy 200 | 62 bytes - 27.551 ms
[2024-03-15T06:31:16.945Z] POST /login 200 | 495 bytes - 50.790 ms
[2024-03-15T06:56:23.619Z] POST /login 200 | 39 bytes - 244.144 ms
[2024-03-15T06:56:31.517Z] POST /login 200 | 39 bytes - 20.119 ms
[2024-03-15T07:06:29.283Z] POST /login 200 | 571 bytes - 71.141 ms
[2024-03-15T07:12:27.225Z] GET /proses/ 400 | 44 bytes - 7.112 ms
[2024-03-15T07:14:08.516Z] GET /proses/ 200 | 28 bytes - 956.565 ms
[2024-03-15T07:14:30.155Z] GET /proses/ 200 | 28 bytes - 938.186 ms
[2024-03-15T07:14:44.848Z] GET /proses/ 200 | 28 bytes - 846.865 ms
[2024-03-15T07:15:40.795Z] GET /proses/ 200 | 28 bytes - 854.238 ms
[2024-03-15T07:32:40.950Z] GET /proses/ 200 | 28 bytes - 880.007 ms
[2024-03-15T07:33:39.929Z] GET /proses/ 200 | 28 bytes - 875.251 ms
[2024-03-15T07:36:22.970Z] GET /proses/ 200 | 139 bytes - 887.393 ms
[2024-03-15T07:38:04.507Z] GET /proses/ 200 | 1491 bytes - 16803.491 ms
[2024-03-15T07:39:07.976Z] GET /proses/ 200 | 1491 bytes - 17556.399 ms
[2024-03-15T07:40:29.391Z] GET /proses/ 200 | 1209 bytes - 980.764 ms
[2024-03-15T07:41:09.671Z] GET /proses/ 200 | 283 bytes - 15578.137 ms
[2024-03-15T07:48:56.911Z] GET /proses/ 200 | 283 bytes - 16093.992 ms
[2024-03-15T07:49:09.449Z] GET /proses/ 200 | 283 bytes - 68.439 ms
[2024-03-15T07:49:11.637Z] GET /proses/ 200 | 283 bytes - 5.733 ms
[2024-03-15T07:49:12.495Z] GET /proses/ 200 | 283 bytes - 5.236 ms
[2024-03-15T07:53:52.323Z] GET /proses/ 200 | 1491 bytes - 871.109 ms
[2024-03-15T07:58:46.321Z] GET /proses/ 200 | 538 bytes - 881.701 ms
[2024-03-15T08:03:20.018Z] GET /proses/ 200 | 1491 bytes - 927.402 ms
[2024-03-15T08:09:22.659Z] GET /proses/ 200 | 1249 bytes - 1518.676 ms
[2024-03-15T08:09:57.540Z] GET /proses/ 200 | 1249 bytes - 1428.095 ms
[2024-03-15T08:10:00.122Z] GET /proses/ 200 | 1249 bytes - 1393.041 ms
[2024-03-15T08:10:17.375Z] GET /proses/ 200 | 1249 bytes - 930.465 ms
[2024-03-15T08:10:20.624Z] GET /proses/ 200 | 1249 bytes - 960.378 ms
[2024-03-15T08:10:23.300Z] GET /proses/ 200 | 1249 bytes - 875.412 ms
[2024-03-15T08:11:26.879Z] GET /proses/ 200 | 1249 bytes - 897.188 ms
[2024-03-15T08:16:27.128Z] GET /proses/ 200 | 1249 bytes - 960.707 ms
[2024-03-15T08:16:31.620Z] GET /proses/ 200 | 1249 bytes - 903.529 ms
[2024-03-15T08:16:34.580Z] GET /proses/ 200 | 1249 bytes - 922.664 ms
[2024-03-15T08:17:20.551Z] GET /proses/ 200 | 1249 bytes - 943.989 ms
[2024-03-15T08:22:01.422Z] GET /proses/ 200 | 1249 bytes - 1153.241 ms
[2024-03-15T08:22:05.277Z] GET /proses/ 200 | 1249 bytes - 943.807 ms
[2024-03-15T08:28:43.883Z] GET /proses/ 200 | 336 bytes - 1083.450 ms
[2024-03-15T08:29:40.004Z] GET /proses/ 200 | 4170 bytes - 1026.660 ms
[2024-03-15T08:32:46.130Z] GET /proses/ 200 | 1242 bytes - 1021.403 ms
[2024-03-15T08:34:28.371Z] GET /proses/ 200 | 1224 bytes - 1039.429 ms
[2024-03-15T08:36:07.291Z] GET /proses/ 200 | 4933 bytes - 933.799 ms
[2024-03-15T08:38:22.134Z] GET /proses/ 200 | 1260 bytes - 969.230 ms
[2024-03-15T08:39:04.450Z] GET /proses/ 200 | 1414 bytes - 979.969 ms
[2024-03-15T08:39:10.869Z] GET /proses/ 200 | 1414 bytes - 878.649 ms
[2024-03-15T08:39:12.935Z] GET /proses/ 200 | 1414 bytes - 929.731 ms
[2024-03-15T08:39:15.342Z] GET /proses/ 200 | 1414 bytes - 895.791 ms
[2024-03-15T08:39:19.459Z] GET /proses/ 200 | 1414 bytes - 891.138 ms
[2024-03-15T08:39:59.464Z] GET /proses/ 200 | 1414 bytes - 934.966 ms
[2024-03-15T08:40:01.641Z] GET /proses/ 200 | 1414 bytes - 896.752 ms
[2024-03-15T08:41:35.057Z] GET /proses/ 200 | 1414 bytes - 896.833 ms
[2024-03-15T08:50:08.401Z] POST /login 200 | 593 bytes - 148.510 ms
[2024-03-15T10:00:09.215Z] GET /proses/ 200 | 1414 bytes - 2877.627 ms
[2024-03-15T10:06:39.003Z] GET /proses/getProv 404 | 33 bytes - 24.154 ms
[2024-03-15T10:06:51.521Z] GET /proses/provider 200 | 9646 bytes - 119.223 ms
