[2024-03-18T02:05:19.990Z] POST /user/login 200 | 593 bytes - 585.318 ms
[2024-03-18T02:22:52.380Z] POST /user/login 200 | 593 bytes - 379.741 ms
[2024-03-18T02:31:55.144Z] GET / 404 | 33 bytes - 2.611 ms
[2024-03-18T02:31:55.225Z] GET /favicon.ico 404 | 33 bytes - 0.946 ms
[2024-03-18T02:35:01.740Z] POST /user/login 200 | 593 bytes - 27.086 ms
[2024-03-18T02:39:57.900Z] POST /user/login 200 | 593 bytes - 1605.377 ms
[2024-03-18T02:40:51.800Z] GET /proses//pole 400 | 44 bytes - 7.229 ms
[2024-03-18T02:41:29.420Z] GET /proses//pole 200 | 1414 bytes - 1444.104 ms
[2024-03-18T02:41:41.798Z] GET /proses/pole 200 | 1414 bytes - 897.188 ms
[2024-03-18T05:50:05.291Z] GET /proses/pole 200 | 1414 bytes - 970.184 ms
[2024-03-18T08:19:29.951Z] GET /proses/pole 403 | 33 bytes - 16.899 ms
[2024-03-18T08:20:00.910Z] GET /proses/pole 200 | 1414 bytes - 986.455 ms
[2024-03-18T08:21:50.461Z] GET /proses/pole 200 | 1414 bytes - 1118.616 ms
[2024-03-18T08:22:56.129Z] GET /proses/pole 200 | 1414 bytes - 1002.299 ms
[2024-03-18T08:23:19.368Z] GET /proses/pole 200 | 1414 bytes - 981.007 ms
[2024-03-18T08:23:31.407Z] GET /proses/pole 200 | 1414 bytes - 976.795 ms
[2024-03-18T08:25:38.414Z] GET /proses/pole 200 | 1414 bytes - 974.808 ms
[2024-03-18T08:26:55.298Z] GET /proses/pole 200 | 1414 bytes - 1015.769 ms
[2024-03-18T08:27:21.192Z] GET /proses/pole 200 | 1414 bytes - 1040.222 ms
[2024-03-18T08:27:37.476Z] GET /proses/pole 200 | 1414 bytes - 1140.084 ms
[2024-03-18T08:34:45.122Z] GET /proses/pole 200 | 1106 bytes - 976.370 ms
[2024-03-18T08:36:07.140Z] GET /proses/pole 200 | 1106 bytes - 981.225 ms
[2024-03-18T08:36:16.493Z] GET /proses/pole 200 | 1106 bytes - 989.898 ms
[2024-03-18T08:36:38.994Z] GET /proses/pole 200 | 1106 bytes - 1000.370 ms
[2024-03-18T08:37:06.639Z] GET /proses/pole 200 | 1106 bytes - 976.259 ms
[2024-03-18T08:37:35.629Z] GET /proses/pole 200 | 1106 bytes - 1033.082 ms
[2024-03-18T08:37:53.342Z] GET /proses/pole 200 | 1106 bytes - 998.558 ms
[2024-03-18T08:38:02.913Z] GET /proses/pole 200 | 1106 bytes - 983.092 ms
[2024-03-18T08:39:23.297Z] GET /proses/pole 200 | 1106 bytes - 1079.504 ms
[2024-03-18T08:39:51.176Z] GET /proses/pole 200 | 1106 bytes - 986.983 ms
[2024-03-18T08:42:19.905Z] GET /proses/pole 200 | 1106 bytes - 1041.099 ms
[2024-03-18T08:42:34.269Z] GET /proses/pole 200 | 1106 bytes - 966.727 ms
[2024-03-18T08:42:49.251Z] GET /proses/pole 200 | 1239 bytes - 990.838 ms
[2024-03-18T08:44:13.031Z] GET /proses/pole 200 | 1117 bytes - 952.103 ms
[2024-03-18T08:44:21.964Z] GET /proses/pole 200 | 1117 bytes - 931.820 ms
[2024-03-18T08:46:22.906Z] GET /proses//provider 200 | 9646 bytes - 1083.031 ms
[2024-03-18T08:46:59.136Z] GET /proses/pole 200 | 1117 bytes - 1184.567 ms
[2024-03-18T14:11:42.050Z] GET /proses//tag 404 | 33 bytes - 26.291 ms
[2024-03-18T14:11:53.587Z] GET /proses/tag 404 | 33 bytes - 6.527 ms
[2024-03-18T14:12:25.341Z] POST /proses/tag - | - bytes - - ms
[2024-03-18T14:14:00.614Z] POST /proses/tag 200 | 325 bytes - 57.341 ms
[2024-03-18T14:15:11.104Z] POST /proses/tag 200 | 325 bytes - 17.004 ms
[2024-03-18T14:16:21.490Z] POST /proses/tag 500 | 135 bytes - 31.879 ms
[2024-03-18T14:21:56.231Z] POST /proses/tag 500 | 135 bytes - 38.043 ms
[2024-03-18T14:22:47.581Z] POST /proses/tag 500 | 135 bytes - 37.443 ms
[2024-03-18T14:23:20.296Z] POST /proses/tag 500 | 135 bytes - 37.781 ms
[2024-03-18T14:24:24.076Z] POST /proses/tag 500 | 135 bytes - 40.827 ms
[2024-03-18T14:25:56.779Z] POST /proses/tag 500 | 137 bytes - 12.541 ms
[2024-03-18T14:27:23.328Z] POST /proses/tag 500 | 135 bytes - 6.902 ms
[2024-03-18T14:29:35.415Z] POST /proses/tag 500 | 135 bytes - 36.794 ms
[2024-03-18T14:29:51.352Z] POST /proses/tag 500 | 136 bytes - 72.702 ms
[2024-03-18T14:30:07.296Z] POST /proses/tag 200 | 367 bytes - 104.456 ms
[2024-03-18T14:31:01.669Z] POST /proses/tag 200 | 367 bytes - 132.364 ms
[2024-03-18T14:32:07.924Z] POST /proses/tag 200 | 367 bytes - 113.926 ms
[2024-03-18T14:32:29.132Z] POST /proses/tag 200 | 367 bytes - 121.475 ms
[2024-03-18T14:32:40.718Z] POST /proses/tag 200 | 367 bytes - 88.092 ms
[2024-03-18T14:33:07.835Z] POST /proses/tag 200 | 367 bytes - 92.488 ms
[2024-03-18T14:34:28.685Z] GET /proses/pole 200 | 1117 bytes - 3326.762 ms
[2024-03-18T14:34:37.407Z] GET /proses/pole 200 | 1117 bytes - 2596.516 ms
[2024-03-18T14:34:43.551Z] GET /proses/pole 200 | 1117 bytes - 2629.906 ms
[2024-03-18T14:35:24.341Z] GET /proses/pole 200 | 1117 bytes - 2852.318 ms
[2024-03-18T14:36:18.089Z] GET /proses/pole 200 | 1142 bytes - 2951.425 ms
[2024-03-18T14:36:33.421Z] GET /proses/pole 200 | 1117 bytes - 3031.279 ms
[2024-03-18T14:37:43.717Z] GET /proses/provider 200 | 9646 bytes - 38.276 ms
