[2024-04-02T02:13:21.569Z] POST /user/login 200 | 641 bytes - 126.525 ms
[2024-04-02T02:13:33.688Z] GET /proses/pole 200 | 2907 bytes - 923.293 ms
[2024-04-02T02:13:36.383Z] GET /proses/provider 200 | 9646 bytes - 39.869 ms
[2024-04-02T02:13:39.802Z] GET /proses/provider 200 | 9646 bytes - 40.752 ms
[2024-04-02T02:13:46.101Z] GET /proses/provider 200 | 9646 bytes - 40.852 ms
[2024-04-02T02:14:17.666Z] POST /proses/tag 200 | 68 bytes - 1075.735 ms
[2024-04-02T02:14:35.792Z] GET /proses/pole 200 | 2907 bytes - 872.884 ms
[2024-04-02T02:14:54.385Z] GET /proses/sto 200 | 113 bytes - 37.488 ms
[2024-04-02T02:15:06.023Z] GET /proses/provider 200 | 9646 bytes - 45.722 ms
[2024-04-02T02:15:08.929Z] GET /proses/provider 200 | 9646 bytes - 39.241 ms
[2024-04-02T02:15:12.631Z] GET /proses/provider 200 | 9646 bytes - 40.059 ms
[2024-04-02T02:15:44.216Z] POST /proses/new 200 | 68 bytes - 820.296 ms
[2024-04-02T02:41:49.086Z] GET /proses/pole 200 | 3036 bytes - 903.298 ms
[2024-04-02T02:41:53.952Z] GET /proses/provider 200 | 9646 bytes - 38.592 ms
[2024-04-02T02:41:57.515Z] GET /proses/provider 200 | 9646 bytes - 40.182 ms
[2024-04-02T02:42:02.502Z] GET /proses/provider 200 | 9646 bytes - 38.684 ms
[2024-04-02T02:42:21.200Z] POST /proses/tag 200 | 68 bytes - 648.600 ms
[2024-04-02T02:42:47.072Z] GET /proses/pole 200 | 2913 bytes - 913.399 ms
[2024-04-02T02:43:02.768Z] GET /proses/sto 200 | 113 bytes - 109.729 ms
[2024-04-02T02:43:13.960Z] GET /proses/provider 200 | 9646 bytes - 41.544 ms
[2024-04-02T02:43:21.670Z] GET /proses/provider 403 | 33 bytes - 7.323 ms
[2024-04-02T02:43:41.624Z] GET /proses/provider 403 | 33 bytes - 7.785 ms
[2024-04-02T02:44:11.599Z] POST /proses/new 403 | 33 bytes - 6.742 ms
[2024-04-02T02:44:27.414Z] GET /proses/pole 403 | 33 bytes - 26.863 ms
[2024-04-02T02:44:29.265Z] GET /proses/sto 403 | 33 bytes - 9.094 ms
[2024-04-02T02:44:55.414Z] POST /user/login 200 | 641 bytes - 114.956 ms
[2024-04-02T02:45:01.111Z] GET /proses/pole 200 | 2916 bytes - 902.082 ms
[2024-04-02T02:45:04.134Z] GET /proses/provider 200 | 9646 bytes - 41.663 ms
[2024-04-02T02:45:20.511Z] GET /proses/provider 200 | 9646 bytes - 41.244 ms
[2024-04-02T02:45:24.367Z] GET /proses/provider 200 | 9646 bytes - 42.101 ms
[2024-04-02T02:45:38.713Z] POST /proses/tag 200 | 68 bytes - 653.030 ms
[2024-04-02T03:26:14.893Z] GET /proses/pole 403 | 33 bytes - 16.433 ms
[2024-04-02T03:39:47.826Z] GET /proses/pole 403 | 33 bytes - 717.226 ms
[2024-04-02T03:40:09.054Z] GET /proses/pole 403 | 33 bytes - 18.416 ms
[2024-04-02T03:41:42.201Z] GET /proses/pole 403 | 33 bytes - 127.488 ms
[2024-04-02T03:45:38.723Z] GET /proses/pole 403 | 33 bytes - 87.663 ms
[2024-04-02T03:46:08.774Z] POST /user/login 200 | 641 bytes - 159.018 ms
[2024-04-02T03:46:14.806Z] GET /proses/pole 200 | 3033 bytes - 952.579 ms
[2024-04-03T02:22:05.971Z] GET /proses/pole 403 | 33 bytes - 515.813 ms
