[2024-03-20T02:42:31.856Z] GET /proses/pole 200 | 1233 bytes - 1370.358 ms
[2024-03-20T02:43:49.563Z] GET /proses/provider 200 | 9646 bytes - 43.390 ms
[2024-03-20T02:47:08.811Z] GET /proses/sto 200 | 113 bytes - 34.436 ms
[2024-03-20T03:21:36.550Z] GET /user/changePass 404 | 33 bytes - 19.588 ms
[2024-03-20T03:24:11.715Z] POST /user/changePass 402 | 16 bytes - 121.577 ms
[2024-03-20T03:24:24.507Z] POST /user/changePass 403 | 16 bytes - 81.574 ms
[2024-03-20T03:24:47.273Z] POST /user/changePass 401 | 16 bytes - 92.519 ms
[2024-03-20T03:25:54.145Z] POST /user/changePass 401 | 16 bytes - 92.870 ms
[2024-03-20T03:26:13.585Z] POST /user/changePass 200 | 9 bytes - 60.517 ms
[2024-03-20T03:26:19.480Z] POST /user/login 200 | 39 bytes - 23.301 ms
[2024-03-20T03:27:15.586Z] POST /user/login 401 | 28 bytes - 82.436 ms
[2024-03-20T03:27:30.298Z] POST /user/login 200 | 641 bytes - 44.688 ms
[2024-03-20T03:28:21.653Z] POST /user/changePass 200 | 9 bytes - 51.668 ms
[2024-03-20T03:28:33.771Z] POST /user/login 200 | 641 bytes - 38.061 ms
[2024-03-20T04:15:29.016Z] GET /proses/pole 200 | 1233 bytes - 4273.253 ms
[2024-03-20T04:15:34.035Z] GET /proses/pole 200 | 1233 bytes - 845.227 ms
[2024-03-20T04:15:36.883Z] GET /proses/pole 200 | 1233 bytes - 840.704 ms
[2024-03-20T04:15:42.363Z] GET /proses/sto 200 | 113 bytes - 5.946 ms
[2024-03-20T04:17:12.719Z] GET /proses/provider 200 | 9646 bytes - 42.552 ms
[2024-03-20T04:17:36.271Z] POST /proses/tag 500 | 20 bytes - 497.835 ms
[2024-03-20T04:21:04.780Z] POST /proses/tag 500 | 20 bytes - 49.986 ms
[2024-03-20T04:21:57.859Z] POST /proses/tag 500 | 20 bytes - 115.032 ms
[2024-03-20T04:22:57.889Z] POST /proses/tag 500 | 20 bytes - 45.709 ms
[2024-03-20T04:24:16.247Z] POST /proses/tag 500 | 21 bytes - 148.175 ms
[2024-03-20T04:24:41.576Z] POST /proses/tag 500 | 21 bytes - 76.487 ms
[2024-03-20T04:25:27.814Z] POST /proses/tag 500 | 2 bytes - 112.495 ms
[2024-03-20T04:27:00.071Z] POST /proses/tag 200 | 68 bytes - 1884.054 ms
