[2024-05-21T03:58:55.206Z] GET /proses/pole 403 | 33 bytes - 88.247 ms
[2024-05-21T03:59:48.136Z] POST /user/login 200 | 699 bytes - 352.753 ms
[2024-05-21T03:59:49.050Z] GET /proses/pole 400 | 44 bytes - 14.342 ms
[2024-05-21T04:00:07.941Z] GET /proses/pole 200 | 3156 bytes - 1080.222 ms
[2024-05-21T04:00:13.372Z] GET /proses/provider 200 | 9842 bytes - 38.826 ms
[2024-05-21T04:00:20.830Z] GET /proses/provider 200 | 9842 bytes - 37.591 ms
[2024-05-21T04:01:56.230Z] GET /proses/provider 200 | 9842 bytes - 43.522 ms
[2024-05-21T04:02:00.025Z] GET /proses/provider 200 | 9842 bytes - 38.544 ms
[2024-05-21T04:03:17.708Z] POST /proses/tag - | - bytes - - ms
[2024-05-21T04:06:07.534Z] POST /proses/tag - | - bytes - - ms
[2024-05-21T04:06:40.853Z] POST /proses/tag 500 | 21 bytes - 593.706 ms
[2024-05-21T04:09:17.851Z] GET /proses/pole 200 | 3156 bytes - 844.959 ms
[2024-05-21T04:09:24.970Z] GET /proses/pole 200 | 3164 bytes - 833.228 ms
[2024-05-21T04:09:37.394Z] GET /proses/provider 200 | 9842 bytes - 43.602 ms
[2024-05-21T04:09:57.447Z] POST /proses/tag 500 | 21 bytes - 465.508 ms
[2024-05-21T04:39:16.494Z] GET /proses/pole 403 | 33 bytes - 20.015 ms
[2024-05-21T04:39:36.628Z] POST /user/login 200 | 699 bytes - 227.259 ms
[2024-05-21T04:39:37.518Z] GET /proses/pole 400 | 44 bytes - 14.631 ms
[2024-05-21T04:39:42.466Z] GET /proses/pole 200 | 3164 bytes - 877.539 ms
[2024-05-21T04:39:52.152Z] GET /proses/provider 200 | 9842 bytes - 43.710 ms
[2024-05-21T04:40:26.879Z] GET /proses/provider 200 | 9842 bytes - 43.881 ms
[2024-05-21T04:40:29.810Z] GET /proses/provider 200 | 9842 bytes - 38.183 ms
[2024-05-21T04:40:34.717Z] GET /proses/provider 200 | 9842 bytes - 38.647 ms
[2024-05-21T04:40:58.602Z] POST /proses/tag 500 | 21 bytes - 312.854 ms
[2024-05-21T05:42:44.353Z] POST /user/login - | - bytes - - ms
[2024-05-21T07:48:06.940Z] GET /proses/pole 403 | 33 bytes - 16.238 ms
[2024-05-21T07:48:39.114Z] POST /user/login 200 | 699 bytes - 110.919 ms
[2024-05-21T07:48:56.573Z] GET /proses/pole 200 | 3163 bytes - 900.066 ms
[2024-05-21T07:49:00.028Z] GET /proses/provider 200 | 9842 bytes - 37.177 ms
[2024-05-21T07:49:04.034Z] GET /proses/provider 200 | 9842 bytes - 38.672 ms
[2024-05-21T07:49:08.670Z] GET /proses/provider 200 | 9842 bytes - 39.917 ms
[2024-05-21T07:49:33.331Z] POST /proses/tag 500 | 21 bytes - 563.056 ms
[2024-05-21T07:55:25.420Z] GET /proses/pole 200 | 3163 bytes - 988.726 ms
[2024-05-21T07:55:31.178Z] GET /proses/pole 200 | 3160 bytes - 896.056 ms
[2024-05-21T07:55:33.112Z] GET /proses/provider 200 | 9842 bytes - 39.988 ms
[2024-05-21T07:55:37.138Z] GET /proses/provider 200 | 9842 bytes - 40.786 ms
[2024-05-21T07:55:43.000Z] GET /proses/provider 200 | 9842 bytes - 47.665 ms
[2024-05-21T07:56:11.032Z] POST /proses/tag 500 | 21 bytes - 548.718 ms
[2024-05-21T08:15:59.336Z] GET /proses/pole 200 | 3160 bytes - 855.956 ms
[2024-05-21T08:16:03.956Z] GET /proses/pole 200 | 3161 bytes - 839.377 ms
[2024-05-21T08:16:07.763Z] GET /proses/provider 200 | 9842 bytes - 40.409 ms
[2024-05-21T08:16:12.137Z] GET /proses/provider 200 | 9842 bytes - 40.605 ms
[2024-05-21T08:16:17.569Z] GET /proses/provider 200 | 9842 bytes - 43.631 ms
[2024-05-21T08:16:38.424Z] POST /proses/tag 500 | 21 bytes - 445.168 ms
[2024-05-21T09:10:44.279Z] GET /proses/pole 403 | 33 bytes - 14.757 ms
[2024-05-21T09:11:16.475Z] POST /user/login 200 | 699 bytes - 94.513 ms
[2024-05-21T09:11:21.046Z] GET /proses/pole 200 | 3159 bytes - 872.705 ms
[2024-05-21T09:11:26.945Z] GET /proses/provider 200 | 9842 bytes - 40.027 ms
[2024-05-21T09:11:30.460Z] GET /proses/provider 200 | 9842 bytes - 39.276 ms
[2024-05-21T09:11:34.518Z] GET /proses/provider 200 | 9842 bytes - 39.440 ms
[2024-05-21T09:11:54.064Z] POST /proses/tag 500 | 21 bytes - 483.742 ms
[2024-05-21T09:12:05.960Z] POST /proses/tag 500 | 21 bytes - 413.202 ms
[2024-05-21T09:13:41.143Z] POST /proses/tag 500 | 21 bytes - 348.450 ms
[2024-05-21T09:14:47.394Z] POST /proses/tag 500 | 21 bytes - 582.234 ms
[2024-05-21T09:15:24.570Z] POST /proses/tag 500 | 21 bytes - 541.806 ms
[2024-05-21T09:15:44.879Z] POST /proses/tag 500 | 21 bytes - 594.170 ms
[2024-05-21T09:16:04.430Z] POST /proses/tag 500 | 21 bytes - 567.513 ms
[2024-05-21T09:20:39.097Z] GET /proses/pole 200 | 3159 bytes - 896.974 ms
[2024-05-21T09:21:07.219Z] GET /proses/pole 200 | 3161 bytes - 864.797 ms
[2024-05-21T09:21:09.527Z] GET /proses/provider 200 | 9842 bytes - 40.062 ms
[2024-05-21T09:21:13.334Z] GET /proses/provider 200 | 9842 bytes - 46.488 ms
[2024-05-21T09:21:18.588Z] GET /proses/provider 200 | 9842 bytes - 42.907 ms
[2024-05-21T09:21:36.702Z] POST /proses/tag 500 | 21 bytes - 695.583 ms
[2024-05-21T09:23:23.554Z] POST /proses/tag 500 | 21 bytes - 567.807 ms
[2024-05-21T09:23:31.620Z] POST /proses/tag 500 | 21 bytes - 560.337 ms
[2024-05-21T09:29:42.430Z] GET /proses/pole 200 | 3161 bytes - 897.217 ms
[2024-05-21T09:29:47.012Z] GET /proses/pole 200 | 3159 bytes - 890.712 ms
[2024-05-21T09:29:50.669Z] GET /proses/provider 200 | 9842 bytes - 38.602 ms
[2024-05-21T09:29:54.329Z] GET /proses/provider 200 | 9842 bytes - 41.619 ms
[2024-05-21T09:29:58.736Z] GET /proses/provider 200 | 9842 bytes - 38.102 ms
[2024-05-21T09:30:23.223Z] POST /proses/tag 500 | 21 bytes - 452.140 ms
[2024-05-21T09:30:29.840Z] POST /proses/tag 500 | 21 bytes - 422.275 ms
[2024-05-21T09:31:31.499Z] POST /proses/tag 500 | 21 bytes - 417.494 ms
[2024-05-21T09:31:59.901Z] POST /proses/tag 500 | 21 bytes - 613.103 ms
[2024-05-24T14:04:33.561Z] POST /user/login 404 | 28 bytes - 881.930 ms
