[2024-03-22T03:40:13.668Z] POST /user/login - | - bytes - - ms
[2024-03-22T03:41:24.668Z] POST /user/login - | - bytes - - ms
[2024-03-22T03:44:45.662Z] POST /user/login - | - bytes - - ms
[2024-03-22T03:46:17.446Z] POST /user/login - | - bytes - - ms
[2024-03-22T03:48:35.023Z] GET / 404 | 33 bytes - 3.910 ms
[2024-03-22T03:49:09.780Z] GET /user/ 401 | 36 bytes - 4.245 ms
[2024-03-22T03:50:15.921Z] POST /user/login 200 | 618 bytes - 116.819 ms
[2024-03-22T03:50:33.955Z] POST /user/login 200 | 618 bytes - 93.646 ms
[2024-03-22T03:51:06.397Z] GET /proses/pole 200 | 250 bytes - 2265.884 ms
[2024-03-22T03:57:07.394Z] GET /proses/provider 200 | 9646 bytes - 53.718 ms
[2024-03-22T04:19:39.262Z] POST /user/login 200 | 618 bytes - 110.457 ms
[2024-03-22T05:27:27.202Z] GET / 404 | 33 bytes - 8.542 ms
[2024-03-22T06:10:42.482Z] POST /user/login 200 | 618 bytes - 101.600 ms
[2024-03-22T06:10:53.133Z] GET /proses/pole 200 | 1352 bytes - 910.866 ms
[2024-03-22T06:11:05.612Z] GET /proses/provider 200 | 9646 bytes - 42.051 ms
[2024-03-22T06:15:59.988Z] POST /user/login 200 | 618 bytes - 137.114 ms
[2024-03-22T06:16:05.665Z] GET /proses/pole 200 | 1358 bytes - 885.627 ms
[2024-03-22T06:16:09.541Z] GET /proses/provider 200 | 9646 bytes - 40.502 ms
[2024-03-22T06:23:10.106Z] POST /user/login 200 | 618 bytes - 118.227 ms
[2024-03-22T06:23:16.041Z] GET /proses/pole 200 | 1354 bytes - 892.807 ms
[2024-03-22T06:23:18.693Z] GET /proses/provider 200 | 9646 bytes - 39.209 ms
[2024-03-22T06:23:52.746Z] GET /proses/provider 200 | 9646 bytes - 44.360 ms
[2024-03-22T06:24:08.418Z] GET /proses/provider 200 | 9646 bytes - 42.566 ms
[2024-03-22T06:24:29.100Z] GET /proses/provider 200 | 9646 bytes - 45.744 ms
[2024-03-22T06:24:41.119Z] GET /proses/provider 200 | 9646 bytes - 40.750 ms
[2024-03-22T07:51:08.577Z] POST /user/login 200 | 618 bytes - 113.322 ms
[2024-03-22T07:51:14.116Z] GET /proses/pole 200 | 1353 bytes - 914.276 ms
[2024-03-22T07:51:17.531Z] GET /proses/provider 200 | 9646 bytes - 47.916 ms
[2024-03-22T07:51:42.315Z] GET /proses/provider 200 | 9646 bytes - 44.003 ms
[2024-03-22T07:56:12.460Z] POST /user/login 200 | 618 bytes - 120.150 ms
[2024-03-22T07:56:17.956Z] GET /proses/pole 200 | 1353 bytes - 901.857 ms
[2024-03-22T07:56:20.491Z] GET /proses/provider 200 | 9646 bytes - 45.915 ms
[2024-03-22T07:56:26.870Z] GET /proses/provider 200 | 9646 bytes - 40.164 ms
[2024-03-22T07:56:57.452Z] GET /proses/provider 200 | 9646 bytes - 54.369 ms
[2024-03-22T08:10:47.178Z] POST /user/login 200 | 618 bytes - 107.545 ms
[2024-03-22T08:10:53.142Z] GET /proses/pole 200 | 1351 bytes - 907.502 ms
[2024-03-22T08:10:56.052Z] GET /proses/provider 200 | 9646 bytes - 39.271 ms
[2024-03-22T08:13:46.098Z] POST /user/login 200 | 618 bytes - 151.121 ms
[2024-03-22T08:13:51.576Z] GET /proses/pole 200 | 1353 bytes - 937.638 ms
[2024-03-22T08:13:54.783Z] GET /proses/provider 200 | 9646 bytes - 40.612 ms
[2024-03-22T08:16:41.919Z] POST /user/login 200 | 618 bytes - 98.310 ms
[2024-03-22T08:16:48.117Z] GET /proses/pole 200 | 1352 bytes - 893.010 ms
[2024-03-22T08:16:50.674Z] GET /proses/provider 200 | 9646 bytes - 42.156 ms
[2024-03-22T08:19:38.318Z] POST /user/login 200 | 618 bytes - 199.100 ms
[2024-03-22T08:19:44.226Z] GET /proses/pole 200 | 1350 bytes - 908.901 ms
[2024-03-22T08:19:46.281Z] GET /proses/provider 200 | 9646 bytes - 42.645 ms
[2024-03-22T08:19:56.216Z] GET /proses/provider 200 | 9646 bytes - 51.577 ms
[2024-03-22T08:22:48.265Z] GET /proses/provider 200 | 9646 bytes - 43.300 ms
[2024-03-22T08:24:06.114Z] POST /user/login 200 | 618 bytes - 114.079 ms
[2024-03-22T08:24:11.592Z] GET /proses/pole 200 | 1355 bytes - 910.312 ms
[2024-03-22T08:24:15.369Z] GET /proses/provider 200 | 9646 bytes - 41.614 ms
[2024-03-22T08:27:28.916Z] POST /user/login 200 | 618 bytes - 103.016 ms
[2024-03-22T08:27:34.477Z] GET /proses/pole 200 | 1352 bytes - 900.885 ms
[2024-03-22T08:27:37.747Z] GET /proses/provider 200 | 9646 bytes - 39.311 ms
[2024-03-22T08:27:44.254Z] GET /proses/provider 200 | 9646 bytes - 39.641 ms
[2024-03-22T08:28:11.439Z] GET /proses/provider 200 | 9646 bytes - 44.771 ms
[2024-03-23T13:18:32.093Z] POST /user/login 200 | 618 bytes - 1226.571 ms
