[2024-03-25T01:50:53.596Z] GET /proses/pole 200 | 250 bytes - 977.905 ms
[2024-03-25T01:51:08.899Z] GET /proses/pole 200 | 1351 bytes - 915.513 ms
[2024-03-25T01:51:17.274Z] GET /proses/provider 200 | 9646 bytes - 46.033 ms
[2024-03-25T01:51:19.786Z] GET /proses/provider 200 | 9646 bytes - 39.179 ms
[2024-03-25T03:00:13.131Z] POST /user/login 200 | 618 bytes - 217.836 ms
[2024-03-25T03:00:20.269Z] GET /proses/pole 200 | 1352 bytes - 919.790 ms
[2024-03-25T03:00:24.356Z] GET /proses/provider 200 | 9646 bytes - 39.311 ms
[2024-03-25T03:00:26.313Z] GET /proses/provider 200 | 9646 bytes - 39.308 ms
[2024-03-25T03:00:33.982Z] GET /proses/provider 200 | 9646 bytes - 54.487 ms
[2024-03-25T03:00:38.042Z] GET /proses/provider 200 | 9646 bytes - 41.125 ms
[2024-03-25T03:08:07.072Z] GET /proses/provider 200 | 9646 bytes - 42.876 ms
[2024-03-25T03:39:15.365Z] POST /proses/tag 500 | 2 bytes - 447.614 ms
[2024-03-25T04:05:43.495Z] POST /proses/tag 500 | 21 bytes - 292.407 ms
[2024-03-25T04:32:10.519Z] POST /user/login 200 | 618 bytes - 283.951 ms
[2024-03-25T04:32:15.176Z] GET /proses/pole 200 | 1352 bytes - 897.197 ms
[2024-03-25T04:32:18.061Z] GET /proses/provider 200 | 9646 bytes - 40.210 ms
[2024-03-25T04:32:21.241Z] GET /proses/provider 200 | 9646 bytes - 41.499 ms
[2024-03-25T04:32:27.999Z] GET /proses/provider 200 | 9646 bytes - 42.066 ms
[2024-03-25T04:32:32.423Z] GET /proses/provider 200 | 9646 bytes - 39.634 ms
[2024-03-25T04:33:05.578Z] GET /proses/provider 200 | 9646 bytes - 44.182 ms
[2024-03-25T04:33:37.604Z] POST /proses/tag 500 | 129 bytes - 14.827 ms
[2024-03-25T04:34:22.059Z] POST /proses/tag 500 | 21 bytes - 123.151 ms
[2024-03-25T04:36:28.256Z] POST /proses/tag 500 | 21 bytes - 284.320 ms
[2024-03-25T04:36:56.785Z] POST /proses/tag 500 | 21 bytes - 305.336 ms
[2024-03-25T04:40:02.847Z] POST /proses/tag 500 | 2 bytes - 225.218 ms
[2024-03-25T04:40:32.173Z] POST /proses/tag 500 | 62 bytes - 165.390 ms
[2024-03-25T04:41:48.736Z] POST /proses/tag 500 | 2 bytes - 340.189 ms
[2024-03-25T04:42:29.850Z] POST /proses/tag 500 | 2 bytes - 359.537 ms
[2024-03-25T04:43:52.175Z] POST /proses/tag 500 | 2 bytes - 194.112 ms
[2024-03-25T04:44:15.050Z] POST /proses/tag 500 | 2 bytes - 145.274 ms
[2024-03-25T04:45:39.736Z] POST /proses/tag 500 | 2 bytes - 236.710 ms
[2024-03-25T04:47:26.367Z] POST /proses/tag 500 | 2 bytes - 744.661 ms
[2024-03-25T04:49:19.319Z] POST /proses/tag 500 | 2 bytes - 131.414 ms
[2024-03-25T04:49:47.031Z] POST /proses/tag 500 | 2 bytes - 127.845 ms
[2024-03-25T04:51:00.491Z] POST /proses/tag 500 | 2 bytes - 182.730 ms
[2024-03-25T04:51:22.614Z] POST /proses/tag 500 | 2 bytes - 141.806 ms
[2024-03-25T04:52:06.361Z] POST /proses/tag 500 | 2 bytes - 141.574 ms
[2024-03-25T04:52:50.616Z] POST /proses/tag 500 | 21 bytes - 333.814 ms
[2024-03-25T04:53:06.441Z] POST /proses/tag 500 | 21 bytes - 245.839 ms
[2024-03-25T04:54:45.569Z] POST /proses/tag 500 | 2 bytes - 139.096 ms
[2024-03-25T04:55:04.269Z] POST /proses/tag 500 | 2 bytes - 213.429 ms
[2024-03-25T04:59:19.978Z] POST /user/login 200 | 618 bytes - 304.881 ms
[2024-03-25T04:59:26.709Z] GET /proses/pole 200 | 512 bytes - 2213.183 ms
[2024-03-25T04:59:31.442Z] GET /proses/provider 200 | 9646 bytes - 39.747 ms
[2024-03-25T04:59:35.869Z] GET /proses/provider 200 | 9646 bytes - 40.853 ms
[2024-03-25T04:59:37.093Z] GET /proses/provider 200 | 9646 bytes - 40.173 ms
[2024-03-25T05:00:05.884Z] GET /proses/provider 200 | 9646 bytes - 44.156 ms
[2024-03-25T05:00:37.990Z] POST /proses/tag 500 | 129 bytes - 15.040 ms
[2024-03-25T05:02:02.015Z] GET /proses/provider 200 | 9646 bytes - 44.791 ms
[2024-03-25T05:02:35.145Z] POST /proses/tag 500 | 129 bytes - 14.661 ms
[2024-03-25T05:10:13.907Z] POST /proses/tag 200 | 68 bytes - 343.892 ms
[2024-03-25T05:30:59.339Z] POST /proses/tag 200 | 68 bytes - 3269.588 ms
[2024-03-25T06:25:58.356Z] POST /user/login 200 | 618 bytes - 94.636 ms
[2024-03-25T06:26:04.396Z] GET /proses/pole 200 | 1351 bytes - 911.693 ms
[2024-03-25T06:26:08.215Z] GET /proses/provider 200 | 9646 bytes - 48.432 ms
[2024-03-25T06:26:13.113Z] GET /proses/provider 200 | 9646 bytes - 40.442 ms
[2024-03-25T06:26:39.549Z] GET /proses/provider 200 | 9646 bytes - 43.370 ms
[2024-03-25T06:27:13.988Z] POST /proses/tag 500 | 129 bytes - 14.387 ms
[2024-03-25T06:31:21.518Z] POST /user/login 200 | 618 bytes - 116.505 ms
[2024-03-25T06:31:27.343Z] GET /proses/pole 200 | 741 bytes - 887.557 ms
[2024-03-25T06:31:30.339Z] GET /proses/provider 200 | 9646 bytes - 39.546 ms
[2024-03-25T06:31:32.424Z] GET /proses/provider 200 | 9646 bytes - 48.937 ms
[2024-03-25T06:31:36.823Z] GET /proses/provider 200 | 9646 bytes - 39.839 ms
[2024-03-25T06:31:59.970Z] GET /proses/provider 200 | 9646 bytes - 49.255 ms
[2024-03-25T06:32:02.514Z] GET /proses/provider 200 | 9646 bytes - 42.511 ms
[2024-03-25T06:32:34.870Z] POST /proses/tag 500 | 129 bytes - 14.014 ms
[2024-03-25T06:47:13.412Z] POST /proses/tag 200 | 68 bytes - 532.035 ms
[2024-03-25T07:36:34.469Z] POST /user/login 200 | 618 bytes - 108.267 ms
[2024-03-25T07:36:40.134Z] GET /proses/pole 200 | 1115 bytes - 895.630 ms
[2024-03-25T07:36:43.168Z] GET /proses/provider 200 | 9646 bytes - 39.434 ms
[2024-03-25T07:36:46.957Z] GET /proses/provider 200 | 9646 bytes - 38.974 ms
[2024-03-25T07:37:12.245Z] GET /proses/provider 200 | 9646 bytes - 43.552 ms
[2024-03-25T07:38:52.766Z] GET /proses/provider 200 | 9646 bytes - 44.542 ms
[2024-03-25T07:49:58.468Z] POST /user/login 200 | 618 bytes - 134.573 ms
[2024-03-25T07:50:04.374Z] GET /proses/pole 200 | 1354 bytes - 898.719 ms
[2024-03-25T07:50:07.474Z] GET /proses/provider 200 | 9646 bytes - 39.155 ms
[2024-03-25T07:50:12.073Z] GET /proses/provider 200 | 9646 bytes - 39.565 ms
[2024-03-25T07:50:41.347Z] GET /proses/provider 200 | 9646 bytes - 46.315 ms
[2024-03-25T07:54:22.134Z] POST /user/login 200 | 618 bytes - 113.298 ms
[2024-03-25T07:54:27.075Z] GET /proses/pole 200 | 1354 bytes - 895.831 ms
[2024-03-25T07:54:29.582Z] GET /proses/provider 200 | 9646 bytes - 39.805 ms
[2024-03-25T07:54:33.582Z] GET /proses/provider 200 | 9646 bytes - 40.750 ms
[2024-03-25T07:54:58.587Z] GET /proses/provider 200 | 9646 bytes - 43.157 ms
[2024-03-25T07:56:30.702Z] POST /proses/tag - | - bytes - - ms
[2024-03-25T08:02:07.741Z] POST /user/login 200 | 618 bytes - 90.545 ms
[2024-03-25T08:02:13.710Z] GET /proses/pole 200 | 1354 bytes - 885.400 ms
[2024-03-25T08:02:16.385Z] GET /proses/provider 200 | 9646 bytes - 42.275 ms
[2024-03-25T08:02:21.946Z] GET /proses/provider 200 | 9646 bytes - 41.034 ms
[2024-03-25T08:02:48.088Z] GET /proses/provider 200 | 9646 bytes - 44.198 ms
[2024-03-25T08:04:18.490Z] POST /proses/tag - | - bytes - - ms
[2024-03-25T08:18:17.368Z] POST /user/login 200 | 618 bytes - 102.050 ms
[2024-03-25T08:18:23.588Z] GET /proses/pole 200 | 1354 bytes - 905.200 ms
[2024-03-25T08:18:26.437Z] GET /proses/provider 200 | 9646 bytes - 39.366 ms
[2024-03-25T08:18:30.027Z] GET /proses/provider 200 | 9646 bytes - 39.802 ms
[2024-03-25T08:18:59.468Z] GET /proses/provider 200 | 9646 bytes - 44.671 ms
[2024-03-25T08:20:33.514Z] POST /proses/tag - | - bytes - - ms
[2024-03-25T08:26:43.445Z] POST /proses/tag 200 | 68 bytes - 8406.520 ms
[2024-03-25T08:44:04.280Z] POST /user/login 200 | 618 bytes - 280.745 ms
[2024-03-25T08:44:10.209Z] GET /proses/pole 200 | 1351 bytes - 918.137 ms
[2024-03-25T08:44:20.168Z] GET /proses/provider 200 | 9646 bytes - 42.687 ms
[2024-03-25T08:44:27.912Z] GET /proses/provider 200 | 9646 bytes - 41.830 ms
[2024-03-25T08:44:58.296Z] GET /proses/provider 200 | 9646 bytes - 43.860 ms
[2024-03-25T08:46:37.127Z] POST /proses/tag - | - bytes - - ms
[2024-03-26T01:56:28.585Z] POST /user/login 401 | 28 bytes - 557.702 ms
