[2024-03-26T01:57:09.453Z] POST /user/login 200 | 618 bytes - 94.412 ms
[2024-03-26T01:57:21.910Z] GET /proses/pole 200 | 1353 bytes - 893.259 ms
[2024-03-26T01:57:25.561Z] GET /proses/provider 200 | 9646 bytes - 40.827 ms
[2024-03-26T01:57:29.608Z] GET /proses/provider 200 | 9646 bytes - 44.058 ms
[2024-03-26T01:57:34.016Z] GET /proses/provider 200 | 9646 bytes - 43.385 ms
[2024-03-26T01:58:17.519Z] POST /proses/tag 500 | 182 bytes - 14.835 ms
[2024-03-26T01:59:13.603Z] GET /proses/provider 200 | 9646 bytes - 43.272 ms
[2024-03-26T01:59:41.385Z] POST /proses/tag 500 | 182 bytes - 14.181 ms
[2024-03-26T02:00:22.432Z] POST /proses/tag 500 | 2 bytes - 4880.326 ms
[2024-03-26T02:00:34.152Z] POST /proses/tag 500 | 2 bytes - 168.203 ms
[2024-03-26T02:01:09.319Z] POST /proses/tag 200 | 68 bytes - 8581.851 ms
[2024-03-26T02:01:20.420Z] GET /proses/provider 200 | 9646 bytes - 43.590 ms
[2024-03-26T02:02:09.121Z] POST /proses/tag 500 | 182 bytes - 13.773 ms
[2024-03-26T02:14:35.607Z] POST /user/login 200 | 618 bytes - 106.268 ms
[2024-03-26T02:14:41.239Z] GET /proses/pole 200 | 1351 bytes - 868.074 ms
[2024-03-26T02:14:44.550Z] GET /proses/provider 200 | 9646 bytes - 39.634 ms
[2024-03-26T02:14:48.449Z] GET /proses/provider 200 | 9646 bytes - 40.287 ms
[2024-03-26T02:15:15.967Z] GET /proses/provider 200 | 9646 bytes - 60.340 ms
[2024-03-26T02:16:48.926Z] POST /proses/tag - | - bytes - - ms
[2024-03-26T02:26:31.216Z] POST /user/login 200 | 618 bytes - 259.372 ms
[2024-03-26T02:26:36.636Z] GET /proses/pole 200 | 1232 bytes - 894.387 ms
[2024-03-26T02:26:39.699Z] GET /proses/provider 200 | 9646 bytes - 39.616 ms
[2024-03-26T02:26:45.313Z] GET /proses/provider 200 | 9646 bytes - 41.591 ms
[2024-03-26T02:27:10.726Z] GET /proses/provider 200 | 9646 bytes - 43.136 ms
[2024-03-26T02:28:42.230Z] POST /proses/tag - | - bytes - - ms
[2024-03-26T02:34:33.359Z] GET /proses/provider 200 | 9646 bytes - 56.132 ms
[2024-03-26T02:37:23.903Z] POST /user/login 200 | 618 bytes - 336.803 ms
[2024-03-26T02:37:28.355Z] GET /proses/pole 200 | 1353 bytes - 899.120 ms
[2024-03-26T02:37:32.933Z] GET /proses/provider 200 | 9646 bytes - 40.057 ms
[2024-03-26T02:37:39.107Z] GET /proses/provider 200 | 9646 bytes - 41.215 ms
[2024-03-26T02:38:12.234Z] GET /proses/provider 200 | 9646 bytes - 42.194 ms
[2024-03-26T02:40:01.538Z] POST /proses/tag - | - bytes - - ms
[2024-03-26T02:40:26.124Z] GET /proses/pole 200 | 1353 bytes - 897.007 ms
[2024-03-26T02:40:28.515Z] GET /proses/provider 200 | 9646 bytes - 42.681 ms
[2024-03-26T02:40:57.732Z] GET /proses/provider 200 | 9646 bytes - 60.945 ms
[2024-03-26T02:41:22.656Z] GET /proses/provider 200 | 9646 bytes - 76.725 ms
[2024-03-26T02:42:55.451Z] POST /proses/tag - | - bytes - - ms
[2024-03-26T02:47:41.061Z] POST /user/login 200 | 618 bytes - 105.359 ms
[2024-03-26T02:47:46.193Z] GET /proses/pole 200 | 1353 bytes - 963.927 ms
[2024-03-26T02:47:48.751Z] GET /proses/provider 200 | 9646 bytes - 42.919 ms
[2024-03-26T02:47:53.850Z] GET /proses/provider 200 | 9646 bytes - 38.952 ms
[2024-03-26T02:48:17.392Z] GET /proses/provider 200 | 9646 bytes - 53.632 ms
[2024-03-26T02:51:08.360Z] POST /proses/tag 200 | 68 bytes - 2954.042 ms
[2024-03-26T02:52:27.620Z] GET /proses/pole 200 | 250 bytes - 905.498 ms
[2024-03-26T02:52:43.762Z] POST /user/login 200 | 618 bytes - 105.838 ms
[2024-03-26T03:05:51.964Z] POST /user/login 200 | 618 bytes - 1454.116 ms
[2024-03-26T03:06:00.478Z] GET /proses/pole 200 | 1236 bytes - 1012.026 ms
[2024-03-26T03:06:04.690Z] GET /proses/provider 200 | 9646 bytes - 101.603 ms
[2024-03-26T03:06:11.349Z] GET /proses/provider 200 | 9646 bytes - 338.115 ms
[2024-03-26T03:06:34.980Z] GET /proses/provider 200 | 9646 bytes - 146.311 ms
[2024-03-26T03:07:04.115Z] POST /proses/tag 500 | 6729 bytes - 519.935 ms
[2024-03-26T03:24:47.802Z] POST /user/login 200 | 618 bytes - 342.698 ms
[2024-03-26T03:24:53.133Z] GET /proses/pole 200 | 1352 bytes - 954.925 ms
[2024-03-26T03:24:56.850Z] GET /proses/provider 200 | 9646 bytes - 91.594 ms
[2024-03-26T03:25:02.601Z] GET /proses/provider 200 | 9646 bytes - 94.928 ms
[2024-03-26T03:25:22.972Z] GET /proses/provider 200 | 9646 bytes - 88.357 ms
[2024-03-26T03:25:51.254Z] POST /proses/tag 500 | 6729 bytes - 434.736 ms
[2024-03-26T03:34:36.930Z] POST /proses/tag - | - bytes - - ms
[2024-03-26T03:37:37.093Z] POST /user/login 200 | 618 bytes - 272.957 ms
[2024-03-26T03:37:45.197Z] GET /proses/pole 200 | 1354 bytes - 2722.311 ms
[2024-03-26T03:37:49.490Z] GET /proses/provider 200 | 9646 bytes - 42.258 ms
[2024-03-26T03:37:53.530Z] GET /proses/provider 200 | 9646 bytes - 41.398 ms
[2024-03-26T03:38:15.551Z] GET /proses/provider 200 | 9646 bytes - 46.131 ms
[2024-03-26T03:48:18.954Z] POST /user/login 401 | 28 bytes - 63.487 ms
[2024-03-26T03:49:46.510Z] POST /user/login 200 | 618 bytes - 86.861 ms
[2024-03-26T03:49:52.376Z] GET /proses/pole 200 | 1350 bytes - 940.531 ms
[2024-03-26T03:49:55.033Z] GET /proses/provider 200 | 9646 bytes - 39.158 ms
[2024-03-26T03:49:59.594Z] GET /proses/provider 200 | 9646 bytes - 38.618 ms
[2024-03-26T03:50:25.560Z] GET /proses/provider 200 | 9646 bytes - 43.726 ms
[2024-03-26T03:50:55.296Z] POST /proses/tag 500 | 6861 bytes - 332.575 ms
[2024-03-26T04:09:56.312Z] POST /user/login 200 | 618 bytes - 110.086 ms
[2024-03-26T04:10:02.158Z] GET /proses/pole 200 | 1353 bytes - 894.957 ms
[2024-03-26T04:10:08.823Z] GET /proses/provider 200 | 9646 bytes - 41.473 ms
[2024-03-26T04:10:13.012Z] GET /proses/provider 200 | 9646 bytes - 40.421 ms
[2024-03-26T04:10:40.545Z] GET /proses/provider 200 | 9646 bytes - 42.456 ms
[2024-03-26T04:12:12.971Z] GET /proses/provider 200 | 9646 bytes - 45.624 ms
[2024-03-26T04:12:42.826Z] POST /proses/tag 500 | 6729 bytes - 367.568 ms
[2024-03-26T04:13:56.253Z] POST /proses/tag 200 | 68 bytes - 2387.604 ms
[2024-03-26T04:18:41.525Z] POST /user/login 200 | 618 bytes - 158.195 ms
[2024-03-26T04:18:47.187Z] GET /proses/pole 200 | 1352 bytes - 914.763 ms
[2024-03-26T04:18:50.274Z] GET /proses/provider 200 | 9646 bytes - 41.306 ms
[2024-03-26T04:18:53.969Z] GET /proses/provider 200 | 9646 bytes - 40.191 ms
[2024-03-26T04:19:15.870Z] GET /proses/provider 200 | 9646 bytes - 44.276 ms
[2024-03-26T05:13:22.573Z] POST /user/login 200 | 618 bytes - 109.387 ms
[2024-03-26T05:13:28.104Z] GET /proses/pole 200 | 1353 bytes - 900.139 ms
[2024-03-26T05:13:30.444Z] GET /proses/provider 200 | 9646 bytes - 41.279 ms
[2024-03-26T05:13:34.181Z] GET /proses/provider 200 | 9646 bytes - 41.525 ms
[2024-03-26T05:13:55.150Z] GET /proses/provider 200 | 9646 bytes - 43.825 ms
[2024-03-26T05:18:15.487Z] POST /user/login 200 | 618 bytes - 115.916 ms
[2024-03-26T05:18:21.235Z] GET /proses/pole 200 | 1353 bytes - 894.764 ms
[2024-03-26T05:18:24.784Z] GET /proses/provider 200 | 9646 bytes - 40.277 ms
[2024-03-26T05:18:30.345Z] GET /proses/provider 200 | 9646 bytes - 39.866 ms
[2024-03-26T05:18:54.247Z] GET /proses/provider 200 | 9646 bytes - 42.137 ms
[2024-03-26T05:19:48.304Z] GET /proses/provider 200 | 9646 bytes - 44.741 ms
[2024-03-26T05:20:19.546Z] POST /proses/tag 500 | 6729 bytes - 586.477 ms
[2024-03-26T06:37:44.969Z] POST /user/login 200 | 618 bytes - 96.604 ms
[2024-03-26T06:37:55.255Z] GET /proses/pole 200 | 1354 bytes - 879.583 ms
[2024-03-26T06:37:57.923Z] GET /proses/provider 200 | 9646 bytes - 39.871 ms
[2024-03-26T06:38:01.967Z] GET /proses/provider 200 | 9646 bytes - 50.065 ms
[2024-03-26T06:38:25.390Z] GET /proses/provider 200 | 9646 bytes - 51.369 ms
[2024-03-26T06:40:55.551Z] GET /proses/provider 200 | 9646 bytes - 42.815 ms
[2024-03-26T06:41:28.284Z] POST /proses/tag 500 | 6201 bytes - 621.580 ms
[2024-03-26T07:25:16.306Z] POST /user/login 200 | 618 bytes - 101.290 ms
[2024-03-26T07:25:44.703Z] GET /proses/pole 200 | 1235 bytes - 880.264 ms
[2024-03-26T07:25:56.050Z] GET /proses/provider 200 | 9646 bytes - 44.933 ms
[2024-03-26T07:26:03.496Z] GET /proses/provider 200 | 9646 bytes - 40.024 ms
[2024-03-26T07:26:37.651Z] GET /proses/provider 200 | 9646 bytes - 44.385 ms
[2024-03-26T07:27:01.656Z] POST /proses/tag 500 | 11217 bytes - 328.796 ms
[2024-03-26T07:31:18.701Z] POST /user/login 200 | 618 bytes - 116.828 ms
[2024-03-26T07:31:24.562Z] GET /proses/pole 200 | 1349 bytes - 935.688 ms
[2024-03-26T07:31:28.331Z] GET /proses/provider 200 | 9646 bytes - 40.106 ms
[2024-03-26T07:31:32.710Z] GET /proses/provider 200 | 9646 bytes - 41.849 ms
[2024-03-26T07:31:56.068Z] GET /proses/provider 200 | 9646 bytes - 43.558 ms
[2024-03-26T07:32:31.049Z] POST /proses/tag 500 | 10689 bytes - 447.066 ms
[2024-03-26T07:35:07.710Z] POST /user/login 200 | 618 bytes - 94.488 ms
[2024-03-26T07:35:14.021Z] GET /proses/pole 200 | 1352 bytes - 888.488 ms
[2024-03-26T07:35:18.511Z] GET /proses/provider 200 | 9646 bytes - 41.242 ms
[2024-03-26T07:35:25.282Z] GET /proses/provider 200 | 9646 bytes - 41.160 ms
[2024-03-26T07:35:51.677Z] GET /proses/provider 200 | 9646 bytes - 43.388 ms
[2024-03-26T07:44:46.445Z] POST /user/login 200 | 618 bytes - 156.585 ms
[2024-03-26T07:44:52.949Z] GET /proses/pole 200 | 1352 bytes - 917.901 ms
[2024-03-26T07:44:57.565Z] GET /proses/provider 200 | 9646 bytes - 38.315 ms
[2024-03-26T07:45:01.888Z] GET /proses/provider 200 | 9646 bytes - 39.741 ms
[2024-03-26T07:45:22.409Z] GET /proses/provider 200 | 9646 bytes - 44.423 ms
[2024-03-26T07:47:22.122Z] GET /proses/provider 200 | 9646 bytes - 42.827 ms
[2024-03-26T07:51:11.769Z] POST /user/login 200 | 618 bytes - 97.429 ms
[2024-03-26T07:51:26.960Z] GET /proses/pole 200 | 2 bytes - 890.612 ms
[2024-03-26T07:52:58.957Z] POST /user/login 200 | 618 bytes - 235.811 ms
[2024-03-26T07:53:05.621Z] GET /proses/pole 200 | 1350 bytes - 907.496 ms
[2024-03-26T07:53:29.815Z] GET /proses/provider 200 | 9646 bytes - 44.679 ms
[2024-03-26T07:53:34.227Z] GET /proses/provider 200 | 9646 bytes - 41.533 ms
[2024-03-26T07:54:06.309Z] GET /proses/provider 200 | 9646 bytes - 42.744 ms
[2024-03-26T07:55:47.749Z] POST /proses/tag - | - bytes - - ms
[2024-03-26T07:57:22.291Z] POST /user/login 200 | 618 bytes - 97.502 ms
[2024-03-26T07:57:28.092Z] GET /proses/pole 200 | 1353 bytes - 880.924 ms
[2024-03-26T07:57:30.431Z] GET /proses/provider 200 | 9646 bytes - 40.939 ms
[2024-03-26T07:57:34.561Z] GET /proses/provider 200 | 9646 bytes - 38.421 ms
[2024-03-26T07:58:23.325Z] POST /user/login 200 | 618 bytes - 92.556 ms
[2024-03-26T07:58:29.047Z] GET /proses/pole 200 | 1354 bytes - 884.856 ms
[2024-03-26T07:58:31.396Z] GET /proses/provider 200 | 9646 bytes - 41.675 ms
[2024-03-26T07:58:36.431Z] GET /proses/provider 200 | 9646 bytes - 39.756 ms
[2024-03-26T07:58:58.378Z] GET /proses/provider 200 | 9646 bytes - 45.335 ms
[2024-03-26T07:59:31.053Z] POST /proses/tag 500 | 8049 bytes - 334.267 ms
[2024-03-26T08:02:23.850Z] POST /user/login 200 | 618 bytes - 99.552 ms
[2024-03-26T08:02:36.630Z] GET /proses/pole 200 | 1351 bytes - 910.005 ms
[2024-03-26T08:02:44.199Z] GET /proses/provider 200 | 9646 bytes - 38.933 ms
[2024-03-26T08:02:48.275Z] GET /proses/provider 200 | 9646 bytes - 40.791 ms
[2024-03-26T08:03:08.958Z] GET /proses/provider 200 | 9646 bytes - 43.432 ms
[2024-03-26T08:03:54.577Z] GET /proses/pole 200 | 1354 bytes - 880.995 ms
[2024-03-26T08:05:44.790Z] POST /user/login 200 | 618 bytes - 90.625 ms
[2024-03-26T08:05:49.585Z] GET /proses/pole 200 | 1354 bytes - 900.585 ms
[2024-03-26T08:05:52.900Z] GET /proses/provider 200 | 9646 bytes - 40.445 ms
[2024-03-26T08:05:55.730Z] GET /proses/provider 200 | 9646 bytes - 40.902 ms
[2024-03-26T08:06:13.534Z] GET /proses/provider 200 | 9646 bytes - 42.110 ms
[2024-03-26T08:06:54.876Z] POST /user/login 200 | 618 bytes - 101.814 ms
[2024-03-26T08:07:00.801Z] GET /proses/pole 200 | 1352 bytes - 1013.567 ms
[2024-03-26T08:07:03.427Z] GET /proses/provider 200 | 9646 bytes - 41.253 ms
[2024-03-26T08:07:07.581Z] GET /proses/provider 200 | 9646 bytes - 38.825 ms
[2024-03-26T08:07:28.868Z] GET /proses/provider 200 | 9646 bytes - 45.691 ms
[2024-03-26T08:14:09.975Z] POST /user/login 200 | 618 bytes - 109.449 ms
[2024-03-26T08:14:16.212Z] GET /proses/pole 200 | 1354 bytes - 921.963 ms
[2024-03-26T08:14:21.054Z] GET /proses/provider 200 | 9646 bytes - 40.519 ms
[2024-03-26T08:14:23.881Z] GET /proses/provider 200 | 9646 bytes - 41.808 ms
[2024-03-26T08:14:39.740Z] GET /proses/provider 200 | 9646 bytes - 44.609 ms
[2024-03-26T08:15:20.038Z] POST /user/login 200 | 618 bytes - 308.168 ms
[2024-03-26T08:15:25.345Z] GET /proses/pole 200 | 1351 bytes - 1028.221 ms
[2024-03-26T08:15:28.821Z] GET /proses/provider 200 | 9646 bytes - 38.839 ms
[2024-03-26T08:15:33.538Z] GET /proses/provider 200 | 9646 bytes - 59.406 ms
[2024-03-26T08:15:57.451Z] GET /proses/provider 200 | 9646 bytes - 60.768 ms
[2024-03-26T08:17:03.692Z] GET /proses/provider 200 | 9646 bytes - 44.087 ms
[2024-03-26T08:20:11.129Z] POST /user/login 200 | 618 bytes - 119.639 ms
[2024-03-26T08:20:17.436Z] GET /proses/pole 200 | 1232 bytes - 901.178 ms
[2024-03-26T08:20:20.146Z] GET /proses/provider 200 | 9646 bytes - 40.172 ms
[2024-03-26T08:20:24.588Z] GET /proses/provider 200 | 9646 bytes - 39.375 ms
[2024-03-26T08:20:51.368Z] GET /proses/provider 200 | 9646 bytes - 42.162 ms
[2024-03-26T08:21:09.154Z] POST /user/login 200 | 618 bytes - 104.428 ms
[2024-03-26T08:21:15.342Z] GET /proses/pole 200 | 1353 bytes - 964.799 ms
[2024-03-26T08:21:18.938Z] GET /proses/provider 200 | 9646 bytes - 40.128 ms
[2024-03-26T08:21:21.636Z] GET /proses/provider 200 | 9646 bytes - 47.785 ms
[2024-03-26T08:21:39.054Z] GET /proses/provider 200 | 9646 bytes - 42.803 ms
[2024-03-26T08:22:01.648Z] POST /proses/tag 500 | 110 bytes - 12.724 ms
[2024-03-26T08:22:35.393Z] GET /proses/pole 200 | 1352 bytes - 910.109 ms
[2024-03-26T08:22:39.597Z] GET /proses/provider 200 | 9646 bytes - 40.600 ms
[2024-03-26T08:22:42.593Z] GET /proses/provider 200 | 9646 bytes - 39.621 ms
[2024-03-26T08:22:56.957Z] GET /proses/provider 200 | 9646 bytes - 43.307 ms
[2024-03-26T08:23:17.935Z] POST /proses/tag 500 | 110 bytes - 12.768 ms
[2024-03-26T08:24:05.983Z] GET /proses/pole 200 | 1352 bytes - 902.415 ms
[2024-03-26T08:24:54.719Z] POST /user/login 200 | 618 bytes - 100.786 ms
[2024-03-26T08:24:58.563Z] GET /proses/pole 200 | 1354 bytes - 900.579 ms
[2024-03-26T08:25:01.051Z] GET /proses/provider 200 | 9646 bytes - 43.795 ms
[2024-03-26T08:25:04.950Z] GET /proses/provider 200 | 9646 bytes - 40.807 ms
[2024-03-26T08:25:30.061Z] GET /proses/provider 200 | 9646 bytes - 41.820 ms
[2024-03-26T08:26:57.934Z] POST /proses/tag - | - bytes - - ms
[2024-03-26T08:27:34.123Z] POST /user/login 200 | 618 bytes - 100.788 ms
[2024-03-26T08:27:39.219Z] GET /proses/pole 200 | 1353 bytes - 909.166 ms
[2024-03-26T08:27:42.523Z] GET /proses/provider 200 | 9646 bytes - 41.426 ms
[2024-03-26T08:27:46.162Z] GET /proses/provider 200 | 9646 bytes - 40.136 ms
[2024-03-26T08:28:00.058Z] GET /proses/provider 200 | 9646 bytes - 50.129 ms
[2024-03-26T08:29:27.447Z] POST /proses/tag - | - bytes - - ms
[2024-03-26T08:36:34.723Z] POST /user/login 404 | 28 bytes - 46.690 ms
[2024-03-26T08:37:16.277Z] POST /user/login 200 | 618 bytes - 107.470 ms
[2024-03-26T08:37:20.579Z] GET /proses/pole 200 | 1353 bytes - 889.654 ms
[2024-03-26T08:37:23.216Z] GET /proses/provider 200 | 9646 bytes - 40.581 ms
[2024-03-26T08:37:25.796Z] GET /proses/provider 200 | 9646 bytes - 42.016 ms
[2024-03-26T08:37:42.642Z] GET /proses/provider 200 | 9646 bytes - 51.246 ms
[2024-03-26T08:38:14.501Z] POST /proses/tag 500 | 110 bytes - 12.362 ms
[2024-03-26T08:40:19.089Z] POST /user/login 200 | 618 bytes - 107.127 ms
[2024-03-26T08:40:24.250Z] GET /proses/pole 200 | 1351 bytes - 893.300 ms
[2024-03-26T08:40:26.774Z] GET /proses/provider 200 | 9646 bytes - 41.205 ms
[2024-03-26T08:40:30.565Z] GET /proses/provider 200 | 9646 bytes - 52.688 ms
[2024-03-26T08:40:36.640Z] GET /proses/provider 200 | 9646 bytes - 41.553 ms
[2024-03-26T08:40:52.863Z] GET /proses/provider 200 | 9646 bytes - 43.245 ms
[2024-03-26T08:41:31.021Z] POST /user/login 200 | 618 bytes - 112.228 ms
[2024-03-26T08:41:35.214Z] GET /proses/pole 200 | 1351 bytes - 893.576 ms
[2024-03-26T08:41:40.037Z] GET /proses/provider 200 | 9646 bytes - 39.537 ms
[2024-03-26T08:41:42.647Z] GET /proses/provider 200 | 9646 bytes - 40.307 ms
[2024-03-26T08:41:57.788Z] GET /proses/provider 200 | 9646 bytes - 42.904 ms
[2024-03-26T08:42:47.467Z] GET /proses/pole 200 | 1352 bytes - 886.551 ms
[2024-03-26T08:43:37.889Z] POST /user/login 200 | 618 bytes - 99.652 ms
[2024-03-26T08:43:41.780Z] GET /proses/pole 200 | 1354 bytes - 889.524 ms
[2024-03-26T08:43:44.509Z] GET /proses/provider 200 | 9646 bytes - 48.515 ms
[2024-03-26T08:43:47.002Z] GET /proses/provider 200 | 9646 bytes - 39.705 ms
[2024-03-26T08:44:01.022Z] GET /proses/provider 200 | 9646 bytes - 43.555 ms
[2024-03-26T08:46:29.398Z] POST /user/login 200 | 618 bytes - 134.903 ms
[2024-03-26T08:46:34.848Z] GET /proses/pole 200 | 1351 bytes - 871.853 ms
[2024-03-26T08:46:42.365Z] GET /proses/provider 200 | 9646 bytes - 39.967 ms
[2024-03-26T08:46:45.016Z] GET /proses/provider 200 | 9646 bytes - 46.706 ms
[2024-03-26T08:46:59.790Z] GET /proses/provider 200 | 9646 bytes - 52.872 ms
[2024-03-26T08:58:32.442Z] POST /user/login 200 | 618 bytes - 97.829 ms
[2024-03-26T08:58:37.572Z] GET /proses/pole 200 | 1353 bytes - 889.763 ms
[2024-03-26T08:58:44.242Z] GET /proses/provider 200 | 9646 bytes - 39.579 ms
[2024-03-26T08:58:47.313Z] GET /proses/provider 200 | 9646 bytes - 40.403 ms
[2024-03-26T08:59:04.153Z] GET /proses/provider 200 | 9646 bytes - 46.198 ms
[2024-03-26T08:59:25.052Z] POST /proses/tag 500 | 8049 bytes - 223.734 ms
[2024-03-26T09:00:27.516Z] POST /user/login 200 | 618 bytes - 104.994 ms
[2024-03-26T09:00:33.007Z] GET /proses/pole 200 | 1352 bytes - 932.751 ms
[2024-03-26T09:00:52.872Z] GET /proses/provider 200 | 9646 bytes - 45.415 ms
[2024-03-26T09:00:56.502Z] GET /proses/provider 200 | 9646 bytes - 38.836 ms
[2024-03-26T09:01:11.501Z] GET /proses/provider 200 | 9646 bytes - 44.055 ms
[2024-03-26T09:01:45.541Z] GET /proses/pole 200 | 1351 bytes - 892.291 ms
[2024-03-26T09:05:48.107Z] GET /proses/provider 200 | 9646 bytes - 43.984 ms
[2024-03-26T09:05:50.626Z] GET /proses/provider 200 | 9646 bytes - 43.499 ms
[2024-03-26T09:06:06.182Z] GET /proses/provider 200 | 9646 bytes - 44.360 ms
[2024-03-26T09:07:12.655Z] POST /user/login 200 | 618 bytes - 118.245 ms
[2024-03-26T09:07:16.506Z] GET /proses/pole 200 | 1352 bytes - 867.115 ms
[2024-03-26T09:07:19.109Z] GET /proses/provider 200 | 9646 bytes - 39.332 ms
[2024-03-26T09:07:21.551Z] GET /proses/provider 200 | 9646 bytes - 40.092 ms
[2024-03-26T09:07:35.840Z] GET /proses/provider 200 | 9646 bytes - 43.879 ms
[2024-03-26T09:07:54.842Z] POST /proses/tag 500 | 8049 bytes - 225.955 ms
[2024-03-26T11:21:44.086Z] POST /user/login 200 | 618 bytes - 95.295 ms
[2024-03-26T11:21:51.412Z] GET /proses/pole 200 | 134 bytes - 901.726 ms
[2024-03-26T11:21:55.218Z] GET /proses/provider 200 | 9646 bytes - 39.641 ms
[2024-03-26T11:21:57.973Z] GET /proses/provider 200 | 9646 bytes - 38.894 ms
[2024-03-26T11:22:17.745Z] GET /proses/provider 200 | 9646 bytes - 59.724 ms
[2024-03-26T11:22:37.923Z] POST /proses/tag 500 | 8049 bytes - 261.798 ms
[2024-03-27T01:27:12.709Z] POST /proses/tag 200 | 68 bytes - 7175.727 ms
