[2024-03-27T01:58:40.191Z] POST /user/login 200 | 618 bytes - 290.319 ms
[2024-03-27T01:58:45.099Z] GET /proses/pole 200 | 1110 bytes - 1081.606 ms
[2024-03-27T01:59:32.793Z] GET /proses/provider 200 | 9646 bytes - 48.645 ms
[2024-03-27T01:59:35.779Z] GET /proses/provider 200 | 9646 bytes - 40.701 ms
[2024-03-27T02:00:08.529Z] GET /proses/provider 200 | 9646 bytes - 41.839 ms
[2024-03-27T02:00:32.376Z] POST /proses/tag 500 | 8049 bytes - 776.979 ms
[2024-03-27T02:01:30.504Z] POST /user/login 200 | 618 bytes - 100.609 ms
[2024-03-27T02:01:44.868Z] GET /proses/pole 200 | 1231 bytes - 887.072 ms
[2024-03-27T02:01:57.490Z] GET /proses/provider 200 | 9646 bytes - 43.349 ms
[2024-03-27T02:02:00.301Z] GET /proses/provider 200 | 9646 bytes - 40.305 ms
[2024-03-27T02:02:13.988Z] GET /proses/provider 200 | 9646 bytes - 42.618 ms
[2024-03-27T02:02:37.873Z] POST /proses/tag 500 | 8049 bytes - 262.864 ms
[2024-03-27T02:04:25.655Z] GET /proses/pole 200 | 1354 bytes - 895.516 ms
[2024-03-27T02:13:27.404Z] POST /proses/tag 400 | 473 bytes - 18.764 ms
[2024-03-27T02:23:25.704Z] POST /proses/tag 500 | 2 bytes - 192.350 ms
[2024-03-27T02:28:09.589Z] POST /proses/tag 400 | 1008 bytes - 13.375 ms
[2024-03-27T02:30:04.092Z] POST /user/login 200 | 618 bytes - 157.742 ms
[2024-03-27T02:30:08.366Z] GET /proses/pole 200 | 1235 bytes - 907.977 ms
[2024-03-27T02:30:13.312Z] GET /proses/provider 200 | 9646 bytes - 42.151 ms
[2024-03-27T02:30:16.044Z] GET /proses/provider 200 | 9646 bytes - 38.899 ms
[2024-03-27T02:30:31.188Z] GET /proses/provider 200 | 9646 bytes - 47.471 ms
[2024-03-27T02:32:52.939Z] GET /proses/pole 200 | 1354 bytes - 904.327 ms
[2024-03-27T02:32:59.238Z] GET /proses/provider 200 | 9646 bytes - 41.869 ms
[2024-03-27T02:33:03.918Z] GET /proses/provider 200 | 9646 bytes - 39.372 ms
[2024-03-27T02:33:19.360Z] GET /proses/provider 200 | 9646 bytes - 44.784 ms
[2024-03-27T02:36:33.583Z] POST /user/login 200 | 618 bytes - 129.472 ms
[2024-03-27T02:36:37.277Z] GET /proses/pole 200 | 1354 bytes - 869.681 ms
[2024-03-27T02:36:41.008Z] GET /proses/provider 200 | 9646 bytes - 41.250 ms
[2024-03-27T02:36:45.037Z] GET /proses/provider 200 | 9646 bytes - 40.837 ms
[2024-03-27T02:36:57.327Z] GET /proses/sto 200 | 113 bytes - 37.314 ms
[2024-03-27T02:36:58.313Z] GET /proses/provider 200 | 9646 bytes - 41.527 ms
[2024-03-27T02:37:16.834Z] POST /proses/tag 401 | 36 bytes - 3.828 ms
[2024-03-27T02:37:21.787Z] GET /proses/provider 200 | 9646 bytes - 38.698 ms
[2024-03-27T02:43:08.692Z] POST /user/login 200 | 618 bytes - 110.286 ms
[2024-03-27T02:43:12.515Z] GET /proses/pole 200 | 1236 bytes - 871.646 ms
[2024-03-27T02:43:16.496Z] GET /proses/provider 200 | 9646 bytes - 39.177 ms
[2024-03-27T02:43:20.291Z] GET /proses/provider 200 | 9646 bytes - 39.616 ms
[2024-03-27T02:43:27.237Z] GET /proses/provider 200 | 9646 bytes - 41.268 ms
[2024-03-27T02:43:41.876Z] GET /proses/provider 200 | 9646 bytes - 42.989 ms
[2024-03-27T02:44:02.223Z] POST /proses/tag 403 | 33 bytes - 4.755 ms
[2024-03-27T02:47:12.076Z] POST /user/login 200 | 618 bytes - 107.594 ms
[2024-03-27T02:47:15.828Z] GET /proses/pole 200 | 1354 bytes - 875.965 ms
[2024-03-27T02:47:19.082Z] GET /proses/provider 200 | 9646 bytes - 38.527 ms
[2024-03-27T02:47:21.515Z] GET /proses/provider 200 | 9646 bytes - 38.217 ms
[2024-03-27T02:47:34.048Z] GET /proses/provider 200 | 9646 bytes - 42.765 ms
[2024-03-27T02:47:54.288Z] POST /proses/tag 403 | 33 bytes - 4.474 ms
[2024-03-27T02:49:21.233Z] GET /proses/pole 200 | 250 bytes - 861.146 ms
[2024-03-27T02:50:39.029Z] POST /user/login 200 | 618 bytes - 86.038 ms
[2024-03-27T02:50:43.329Z] GET /proses/pole 200 | 1352 bytes - 888.444 ms
[2024-03-27T02:50:46.449Z] GET /proses/provider 200 | 9646 bytes - 39.364 ms
[2024-03-27T02:50:49.074Z] GET /proses/provider 200 | 9646 bytes - 39.307 ms
[2024-03-27T02:51:04.233Z] GET /proses/provider 200 | 9646 bytes - 48.051 ms
[2024-03-27T02:51:25.202Z] POST /proses/tag 500 | 8049 bytes - 211.514 ms
[2024-03-27T02:53:02.986Z] GET /proses/pole 200 | 1351 bytes - 894.449 ms
[2024-03-27T02:53:06.997Z] GET /proses/provider 200 | 9646 bytes - 39.473 ms
[2024-03-27T02:53:09.556Z] GET /proses/provider 200 | 9646 bytes - 39.722 ms
[2024-03-27T02:53:24.679Z] GET /proses/provider 200 | 9646 bytes - 42.652 ms
[2024-03-27T02:53:50.215Z] GET /proses/pole 200 | 1234 bytes - 912.847 ms
[2024-03-27T02:53:54.211Z] GET /proses/provider 200 | 9646 bytes - 39.879 ms
[2024-03-27T02:53:57.825Z] GET /proses/provider 200 | 9646 bytes - 39.756 ms
[2024-03-27T02:55:52.108Z] GET /proses/provider 200 | 9646 bytes - 43.974 ms
[2024-03-27T02:56:16.294Z] POST /proses/tag 500 | 8049 bytes - 216.466 ms
[2024-03-27T02:59:55.626Z] GET /proses/pole 200 | 1354 bytes - 889.547 ms
[2024-03-27T03:00:01.751Z] GET /proses/provider 200 | 9646 bytes - 39.349 ms
[2024-03-27T03:00:04.051Z] GET /proses/provider 200 | 9646 bytes - 39.306 ms
[2024-03-27T03:00:18.298Z] GET /proses/provider 200 | 9646 bytes - 41.344 ms
[2024-03-27T03:01:36.874Z] POST /proses/tag - | - bytes - - ms
[2024-03-27T03:02:06.223Z] POST /user/login 200 | 618 bytes - 92.883 ms
[2024-03-27T03:02:19.885Z] GET /proses/pole 200 | 1354 bytes - 892.895 ms
[2024-03-27T03:02:23.091Z] GET /proses/sto 200 | 113 bytes - 33.481 ms
[2024-03-27T03:04:55.205Z] GET /proses/sto 200 | 113 bytes - 39.102 ms
[2024-03-27T03:09:42.518Z] POST /user/login 200 | 618 bytes - 117.577 ms
[2024-03-27T03:09:46.730Z] GET /proses/pole 200 | 1354 bytes - 896.797 ms
[2024-03-27T03:09:49.146Z] GET /proses/provider 200 | 9646 bytes - 38.826 ms
[2024-03-27T03:09:51.803Z] GET /proses/provider 200 | 9646 bytes - 40.131 ms
[2024-03-27T03:10:05.331Z] GET /proses/provider 200 | 9646 bytes - 42.027 ms
[2024-03-27T03:11:29.158Z] GET /proses/pole 200 | 1351 bytes - 887.909 ms
[2024-03-27T03:11:31.946Z] GET /proses/provider 200 | 9646 bytes - 40.014 ms
[2024-03-27T03:11:51.390Z] GET /proses/provider 200 | 9646 bytes - 47.226 ms
[2024-03-27T03:13:09.054Z] POST /proses/tag - | - bytes - - ms
[2024-03-27T03:14:13.065Z] GET /proses/pole 200 | 1236 bytes - 888.667 ms
[2024-03-27T03:14:15.515Z] GET /proses/provider 200 | 9646 bytes - 41.009 ms
[2024-03-27T03:14:19.211Z] GET /proses/provider 200 | 9646 bytes - 41.733 ms
[2024-03-27T03:14:32.294Z] GET /proses/provider 200 | 9646 bytes - 43.495 ms
[2024-03-27T03:15:55.919Z] POST /proses/tag - | - bytes - - ms
[2024-03-27T03:19:06.294Z] POST /user/login 200 | 618 bytes - 89.292 ms
[2024-03-27T03:19:12.093Z] GET /proses/pole 200 | 1353 bytes - 896.284 ms
[2024-03-27T03:19:15.859Z] GET /proses/provider 200 | 9646 bytes - 42.365 ms
[2024-03-27T03:19:20.128Z] GET /proses/provider 200 | 9646 bytes - 38.743 ms
[2024-03-27T03:19:53.064Z] GET /proses/provider 200 | 9646 bytes - 42.626 ms
[2024-03-27T03:20:28.436Z] POST /proses/tag 500 | 110 bytes - 14.076 ms
[2024-03-27T03:26:47.753Z] POST /user/login 200 | 618 bytes - 136.256 ms
[2024-03-27T03:33:13.536Z] POST /user/login 200 | 618 bytes - 278.249 ms
[2024-03-27T03:33:20.800Z] GET /proses/pole 200 | 1353 bytes - 968.774 ms
[2024-03-27T03:33:23.643Z] GET /proses/provider 200 | 9646 bytes - 41.380 ms
[2024-03-27T03:33:30.087Z] GET /proses/provider 200 | 9646 bytes - 40.595 ms
[2024-03-27T03:34:11.478Z] GET /proses/provider 200 | 9646 bytes - 43.690 ms
[2024-03-27T03:35:52.489Z] POST /proses/tag - | - bytes - - ms
[2024-03-27T03:36:54.175Z] POST /user/login 200 | 618 bytes - 132.701 ms
[2024-03-27T03:36:58.497Z] GET /proses/pole 200 | 1352 bytes - 921.348 ms
[2024-03-27T03:37:01.278Z] GET /proses/provider 200 | 9646 bytes - 39.903 ms
[2024-03-27T03:37:03.714Z] GET /proses/provider 200 | 9646 bytes - 41.552 ms
[2024-03-27T03:37:22.474Z] GET /proses/provider 200 | 9646 bytes - 44.010 ms
[2024-03-27T03:38:47.554Z] POST /proses/tag - | - bytes - - ms
[2024-03-27T03:41:43.885Z] POST /user/login 200 | 618 bytes - 93.438 ms
[2024-03-27T03:41:50.352Z] GET /proses/pole 200 | 1353 bytes - 890.501 ms
[2024-03-27T03:41:53.699Z] GET /proses/provider 200 | 9646 bytes - 39.449 ms
[2024-03-27T03:41:57.636Z] GET /proses/provider 200 | 9646 bytes - 40.522 ms
[2024-03-27T03:42:20.174Z] GET /proses/provider 200 | 9646 bytes - 43.105 ms
[2024-03-27T03:42:49.444Z] POST /proses/tag 500 | 110 bytes - 14.276 ms
[2024-03-27T03:46:35.814Z] POST /user/login 200 | 618 bytes - 92.135 ms
[2024-03-27T03:46:41.994Z] GET /proses/pole 200 | 1354 bytes - 894.791 ms
[2024-03-27T03:46:45.903Z] GET /proses/provider 200 | 9646 bytes - 37.680 ms
[2024-03-27T03:46:50.026Z] GET /proses/provider 200 | 9646 bytes - 38.997 ms
[2024-03-27T03:47:13.443Z] GET /proses/provider 200 | 9646 bytes - 45.090 ms
[2024-03-27T03:48:45.146Z] POST /proses/tag - | - bytes - - ms
[2024-03-27T03:51:01.138Z] POST /user/login 200 | 618 bytes - 258.389 ms
[2024-03-27T03:51:06.224Z] GET /proses/pole 200 | 1354 bytes - 877.978 ms
[2024-03-27T03:51:12.055Z] GET /proses/provider 200 | 9646 bytes - 38.777 ms
[2024-03-27T03:51:15.667Z] GET /proses/provider 200 | 9646 bytes - 41.953 ms
[2024-03-27T03:51:40.649Z] GET /proses/provider 200 | 9646 bytes - 50.016 ms
[2024-03-27T03:51:47.192Z] GET /proses/provider 200 | 9646 bytes - 42.067 ms
[2024-03-27T03:53:15.798Z] POST /proses/tag - | - bytes - - ms
[2024-03-27T03:56:14.428Z] GET /proses/provider 200 | 9646 bytes - 41.926 ms
[2024-03-27T03:58:35.749Z] POST /user/login 200 | 618 bytes - 99.730 ms
[2024-03-27T03:58:41.309Z] GET /proses/pole 200 | 1351 bytes - 907.979 ms
[2024-03-27T03:58:44.198Z] GET /proses/provider 200 | 9646 bytes - 39.377 ms
[2024-03-27T03:58:49.855Z] GET /proses/provider 200 | 9646 bytes - 42.077 ms
[2024-03-27T03:59:15.048Z] GET /proses/provider 200 | 9646 bytes - 43.223 ms
[2024-03-27T04:00:54.974Z] POST /proses/tag - | - bytes - - ms
[2024-03-27T04:01:25.449Z] GET /proses/provider 200 | 9646 bytes - 41.628 ms
[2024-03-27T04:03:02.427Z] POST /user/login 200 | 618 bytes - 153.620 ms
[2024-03-27T04:03:09.119Z] GET /proses/pole 200 | 1117 bytes - 879.784 ms
[2024-03-27T04:03:13.542Z] GET /proses/provider 200 | 9646 bytes - 44.445 ms
[2024-03-27T04:03:18.127Z] GET /proses/provider 200 | 9646 bytes - 41.354 ms
[2024-03-27T04:03:38.805Z] GET /proses/provider 200 | 9646 bytes - 43.039 ms
[2024-03-27T04:05:27.322Z] POST /proses/tag - | - bytes - - ms
[2024-03-27T04:08:31.659Z] POST /user/login 200 | 618 bytes - 104.314 ms
[2024-03-27T04:08:39.200Z] GET /proses/pole 200 | 1238 bytes - 898.252 ms
[2024-03-27T04:08:41.458Z] GET /proses/provider 200 | 9646 bytes - 37.975 ms
[2024-03-27T04:08:45.778Z] GET /proses/provider 200 | 9646 bytes - 41.360 ms
[2024-03-27T04:09:05.564Z] GET /proses/provider 200 | 9646 bytes - 43.102 ms
[2024-03-27T04:10:29.640Z] POST /proses/tag - | - bytes - - ms
[2024-03-27T04:12:50.998Z] POST /user/login 200 | 618 bytes - 98.298 ms
[2024-03-27T04:12:56.662Z] GET /proses/pole 200 | 1228 bytes - 907.492 ms
[2024-03-27T04:13:00.682Z] GET /proses/provider 200 | 9646 bytes - 40.220 ms
[2024-03-27T04:13:05.248Z] GET /proses/provider 200 | 9646 bytes - 41.315 ms
[2024-03-27T04:13:26.802Z] GET /proses/provider 200 | 9646 bytes - 43.028 ms
[2024-03-27T04:13:57.066Z] POST /proses/tag 200 | 68 bytes - 512.159 ms
[2024-03-27T04:19:03.112Z] POST /user/login 200 | 618 bytes - 94.435 ms
[2024-03-27T04:19:09.237Z] GET /proses/pole 200 | 1355 bytes - 917.089 ms
[2024-03-27T04:19:12.391Z] GET /proses/sto 200 | 113 bytes - 33.235 ms
[2024-03-27T04:36:28.797Z] POST /user/login 200 | 618 bytes - 126.511 ms
[2024-03-27T04:40:10.201Z] POST /user/login 403 | 40 bytes - 11.466 ms
[2024-03-27T04:40:25.302Z] GET /proses/pole 200 | 1354 bytes - 929.920 ms
[2024-03-27T04:40:40.482Z] GET /proses/sto 403 | 40 bytes - 2.253 ms
[2024-03-27T04:41:16.952Z] GET /proses/sto 200 | 113 bytes - 37.036 ms
[2024-03-27T04:52:13.340Z] POST /user/login 404 | 28 bytes - 44.655 ms
[2024-03-27T07:49:08.538Z] POST /user/login 200 | 618 bytes - 115.586 ms
[2024-03-27T07:55:02.253Z] POST /user/login 200 | 618 bytes - 103.228 ms
[2024-03-27T08:12:49.859Z] GET /proses/pole 200 | 1353 bytes - 898.067 ms
[2024-03-27T08:27:58.537Z] POST /user/login 200 | 618 bytes - 120.688 ms
[2024-03-27T09:57:03.305Z] POST /user/login 200 | 618 bytes - 97.943 ms
[2024-03-27T10:00:21.472Z] GET /proses/pole 200 | 1354 bytes - 881.079 ms
[2024-03-27T10:00:24.307Z] GET /proses/provider 200 | 9646 bytes - 41.464 ms
[2024-03-27T10:00:28.305Z] GET /proses/provider 200 | 9646 bytes - 38.716 ms
[2024-03-27T10:00:54.766Z] GET /proses/provider 200 | 9646 bytes - 42.801 ms
[2024-03-27T10:01:28.157Z] POST /proses/tag 200 | 68 bytes - 1037.697 ms
[2024-03-27T10:19:43.858Z] POST /user/login 404 | 28 bytes - 45.179 ms
[2024-03-27T10:35:38.641Z] POST /user/login 404 | 28 bytes - 44.747 ms
[2024-03-27T10:39:06.095Z] POST /user/login 404 | 28 bytes - 54.320 ms
[2024-03-27T10:40:47.821Z] POST /user/login 404 | 28 bytes - 43.667 ms
[2024-03-28T02:48:55.178Z] POST /user/login 404 | 28 bytes - 404.391 ms
