[2024-03-28T02:53:48.416Z] POST /user/login 404 | 28 bytes - 94.890 ms
[2024-03-28T03:03:54.352Z] POST /user/login 404 | 28 bytes - 231.742 ms
[2024-03-28T03:26:39.181Z] POST /user/login 404 | 28 bytes - 117.480 ms
[2024-03-28T03:26:43.403Z] POST /user/login 404 | 28 bytes - 42.474 ms
[2024-03-28T03:27:11.645Z] POST /user/login 404 | 28 bytes - 45.726 ms
[2024-03-28T03:27:41.022Z] POST /user/login 200 | 618 bytes - 213.874 ms
[2024-03-28T03:28:04.622Z] POST /user/login 404 | 28 bytes - 44.805 ms
[2024-03-28T03:28:53.465Z] POST /user/login 404 | 28 bytes - 43.937 ms
[2024-03-28T03:29:26.632Z] POST /user/login 404 | 28 bytes - 47.202 ms
[2024-03-28T03:29:55.373Z] POST /user/login 404 | 28 bytes - 49.753 ms
[2024-03-28T03:29:59.477Z] POST /user/login 404 | 28 bytes - 43.917 ms
[2024-03-28T03:30:00.647Z] POST /user/login 404 | 28 bytes - 42.592 ms
[2024-03-28T03:31:37.742Z] POST /user/login 404 | 28 bytes - 291.153 ms
[2024-03-28T03:31:51.653Z] POST /user/login 404 | 28 bytes - 44.206 ms
[2024-03-28T03:32:01.705Z] POST /user/login 404 | 28 bytes - 44.907 ms
[2024-03-28T03:32:12.126Z] POST /user/login 404 | 28 bytes - 47.627 ms
[2024-03-28T03:34:03.661Z] POST /user/login 200 | 618 bytes - 336.207 ms
[2024-03-28T03:40:28.390Z] GET /proses/pole 200 | 1354 bytes - 2812.103 ms
[2024-03-28T03:40:49.424Z] GET /proses/provider 200 | 9646 bytes - 75.660 ms
[2024-03-28T03:41:00.640Z] GET /proses/provider 200 | 9646 bytes - 73.695 ms
[2024-03-28T03:41:38.144Z] GET /proses/provider 200 | 9646 bytes - 74.633 ms
[2024-03-28T03:44:40.122Z] GET /proses/provider 200 | 9646 bytes - 81.083 ms
[2024-03-28T03:46:31.472Z] GET /proses/provider 200 | 9646 bytes - 79.716 ms
[2024-03-28T03:47:06.999Z] POST /proses/tag 200 | 68 bytes - 1791.762 ms
[2024-03-28T04:21:04.589Z] GET /proses/pole 200 | 1353 bytes - 1043.868 ms
[2024-03-28T04:25:29.833Z] GET /proses/pole 200 | 1353 bytes - 907.714 ms
[2024-03-28T04:36:18.986Z] GET /proses/pole 200 | 1349 bytes - 877.409 ms
[2024-03-28T07:32:51.583Z] POST /proses/new - | - bytes - - ms
[2024-03-28T07:34:51.410Z] POST /proses/new - | - bytes - - ms
[2024-03-28T07:52:33.623Z] POST /proses/tag - | - bytes - - ms
[2024-03-28T07:53:48.494Z] POST /proses/tag - | - bytes - - ms
[2024-03-28T07:55:32.059Z] POST /user/login 200 | 618 bytes - 143.323 ms
[2024-03-28T08:03:05.515Z] POST /user/login 200 | 618 bytes - 106.364 ms
[2024-03-28T08:03:14.527Z] GET /proses/pole 200 | 1353 bytes - 1136.697 ms
[2024-03-28T08:04:32.983Z] GET /proses/provider 200 | 9646 bytes - 44.345 ms
[2024-03-28T08:04:43.744Z] GET /proses/provider 200 | 9646 bytes - 44.373 ms
[2024-03-28T08:05:06.371Z] GET /proses/provider 200 | 9646 bytes - 51.919 ms
[2024-03-28T08:09:02.365Z] GET /proses/pole 200 | 1354 bytes - 900.090 ms
[2024-03-28T08:38:22.714Z] POST /proses/new - | - bytes - - ms
[2024-03-30T10:57:48.994Z] GET /proses/pole 200 | 2 bytes - 1447.627 ms
