[2024-04-03T02:22:33.628Z] GET /proses/pole 403 | 33 bytes - 21.647 ms
[2024-04-03T02:24:36.017Z] GET /proses/pole 403 | 33 bytes - 20.869 ms
[2024-04-03T02:25:01.016Z] POST /user/login 200 | 641 bytes - 685.455 ms
[2024-04-03T02:25:06.207Z] GET /proses/pole 200 | 3036 bytes - 967.653 ms
[2024-04-03T07:24:02.564Z] GET /proses/pole 403 | 33 bytes - 347.400 ms
[2024-04-03T07:24:18.740Z] POST /user/login 200 | 641 bytes - 129.194 ms
[2024-04-03T07:24:24.386Z] GET /proses/pole 200 | 3033 bytes - 895.835 ms
[2024-04-03T07:24:26.188Z] GET /proses/sto 200 | 113 bytes - 33.905 ms
[2024-04-03T07:54:10.112Z] GET /proses/pole 200 | 3034 bytes - 1027.982 ms
[2024-04-03T07:54:13.052Z] GET /proses/sto 200 | 113 bytes - 36.013 ms
[2024-04-03T07:54:45.978Z] GET /proses/pole 403 | 33 bytes - 19.212 ms
[2024-04-03T07:55:57.200Z] POST /user/login 200 | 641 bytes - 125.206 ms
[2024-04-03T07:56:05.082Z] GET /proses/pole 200 | 3036 bytes - 890.742 ms
[2024-04-03T07:56:06.844Z] GET /proses/sto 200 | 113 bytes - 69.050 ms
[2024-04-03T07:59:59.744Z] GET /proses/pole 200 | 3035 bytes - 896.004 ms
[2024-04-03T08:00:04.230Z] GET /proses/sto 200 | 113 bytes - 34.982 ms
[2024-04-03T08:00:08.036Z] GET /proses/provider 200 | 9646 bytes - 40.036 ms
[2024-04-03T08:00:54.779Z] GET /proses/provider 200 | 9646 bytes - 53.196 ms
[2024-04-03T08:01:06.462Z] GET /proses/provider 200 | 9646 bytes - 43.092 ms
[2024-04-03T08:01:37.293Z] POST /proses/tag 200 | 68 bytes - 804.286 ms
[2024-04-03T13:25:38.874Z] GET /proses/pole 403 | 33 bytes - 309.041 ms
[2024-04-03T13:26:04.973Z] POST /user/login 401 | 28 bytes - 96.699 ms
[2024-04-03T13:26:36.446Z] POST /user/login 200 | 641 bytes - 124.667 ms
[2024-04-03T13:26:55.296Z] GET /proses/pole 200 | 2 bytes - 920.602 ms
[2024-04-03T13:27:04.920Z] GET /proses/sto 200 | 113 bytes - 35.120 ms
[2024-04-03T13:27:26.749Z] GET /proses/provider 200 | 9646 bytes - 43.080 ms
[2024-04-04T03:15:07.481Z] GET /proses/pole 403 | 33 bytes - 191.338 ms
