[2024-05-30T02:35:29.419Z] GET /proses/pole 403 | 33 bytes - 195.165 ms
[2024-05-30T02:35:47.428Z] POST /user/login 200 | 641 bytes - 284.470 ms
[2024-05-30T02:35:48.391Z] GET /proses/pole 400 | 44 bytes - 15.517 ms
[2024-05-30T02:36:01.408Z] GET /proses/pole 200 | 3045 bytes - 918.060 ms
[2024-05-30T02:36:07.382Z] GET /proses/provider 200 | 9842 bytes - 39.238 ms
[2024-05-30T02:36:11.231Z] GET /proses/provider 200 | 9842 bytes - 38.507 ms
[2024-05-30T02:36:16.609Z] GET /proses/provider 200 | 9842 bytes - 39.320 ms
[2024-05-30T02:36:39.173Z] POST /proses/tag 500 | 2 bytes - 1280.587 ms
[2024-05-30T02:42:56.964Z] GET /proses/pole 200 | 3163 bytes - 851.418 ms
[2024-05-30T02:42:59.927Z] GET /proses/provider 200 | 9842 bytes - 56.870 ms
[2024-05-30T02:43:03.383Z] GET /proses/provider 200 | 9842 bytes - 38.684 ms
[2024-05-30T02:43:08.041Z] GET /proses/provider 200 | 9842 bytes - 39.137 ms
[2024-05-30T02:45:14.456Z] POST /proses/tag 200 | 68 bytes - 1059.676 ms
[2024-05-30T02:45:26.728Z] GET /proses/pole 200 | 3162 bytes - 888.392 ms
[2024-05-30T02:45:34.190Z] GET /proses/sto 200 | 113 bytes - 35.214 ms
[2024-05-30T02:46:00.270Z] GET /proses/provider 200 | 9842 bytes - 40.885 ms
[2024-05-30T02:46:03.429Z] GET /proses/provider 200 | 9842 bytes - 39.694 ms
[2024-05-30T02:46:11.993Z] GET /proses/provider 200 | 9842 bytes - 38.978 ms
[2024-05-30T02:48:06.807Z] GET /proses/pole 200 | 3162 bytes - 879.684 ms
[2024-05-30T02:48:12.107Z] GET /proses/pole 200 | 3162 bytes - 862.441 ms
[2024-05-30T02:48:13.126Z] GET /proses/sto 200 | 113 bytes - 34.303 ms
[2024-05-30T02:48:18.499Z] GET /proses/provider 200 | 9842 bytes - 39.685 ms
[2024-05-30T02:48:21.351Z] GET /proses/provider 200 | 9842 bytes - 38.983 ms
[2024-05-30T02:48:25.437Z] GET /proses/provider 200 | 9842 bytes - 39.986 ms
[2024-05-30T02:50:05.602Z] POST /proses/new 200 | 68 bytes - 912.984 ms
[2024-05-30T02:50:19.518Z] GET /proses/pole 200 | 3412 bytes - 904.159 ms
[2024-05-30T09:04:27.620Z] GET /proses/pole 403 | 33 bytes - 16.211 ms
[2024-05-30T09:04:45.155Z] POST /user/login 200 | 641 bytes - 102.611 ms
[2024-05-30T09:04:51.295Z] GET /proses/pole 200 | 3418 bytes - 882.217 ms
[2024-05-30T09:04:53.208Z] GET /proses/sto 200 | 113 bytes - 34.178 ms
[2024-05-30T09:14:32.165Z] POST /user/login 200 | 641 bytes - 169.858 ms
[2024-05-30T09:14:36.343Z] GET /proses/pole 200 | 3300 bytes - 862.884 ms
[2024-05-30T09:14:49.900Z] GET /proses/sto 200 | 113 bytes - 37.409 ms
[2024-05-30T09:15:10.664Z] GET /proses/provider 200 | 9842 bytes - 40.989 ms
[2024-05-30T09:15:13.715Z] GET /proses/provider 200 | 9842 bytes - 38.633 ms
[2024-05-30T09:15:19.507Z] GET /proses/provider 200 | 9842 bytes - 48.454 ms
[2024-05-30T09:15:39.193Z] POST /proses/new 200 | 68 bytes - 515.786 ms
[2024-05-30T09:30:49.105Z] GET /proses/pole 200 | 3426 bytes - 833.970 ms
[2024-05-30T09:30:58.396Z] GET /proses/provider 200 | 9842 bytes - 40.821 ms
[2024-05-30T09:31:00.697Z] GET /proses/provider 200 | 9842 bytes - 41.235 ms
[2024-05-30T09:31:14.163Z] GET /proses/provider 200 | 9842 bytes - 39.432 ms
[2024-05-30T09:31:27.664Z] POST /proses/new 200 | 68 bytes - 457.107 ms
[2024-05-30T09:35:06.921Z] GET /proses/pole 200 | 3547 bytes - 875.186 ms
[2024-05-30T09:35:09.603Z] GET /proses/pole 200 | 3668 bytes - 895.213 ms
[2024-05-30T09:35:20.631Z] GET /proses/provider 200 | 9842 bytes - 43.049 ms
[2024-05-30T09:35:22.977Z] GET /proses/provider 200 | 9842 bytes - 38.091 ms
[2024-05-30T09:35:27.701Z] GET /proses/provider 200 | 9842 bytes - 39.384 ms
[2024-05-30T09:36:40.546Z] POST /proses/new 200 | 68 bytes - 220.884 ms
[2024-05-30T09:48:55.388Z] GET /proses/pole 403 | 33 bytes - 18.494 ms
[2024-05-30T09:49:10.748Z] POST /user/login 200 | 641 bytes - 105.608 ms
[2024-05-30T09:49:15.465Z] GET /proses/pole 200 | 4049 bytes - 873.653 ms
[2024-05-30T09:49:25.477Z] GET /proses/provider 200 | 9842 bytes - 41.620 ms
[2024-05-30T09:49:27.728Z] GET /proses/provider 200 | 9842 bytes - 40.675 ms
[2024-05-30T09:49:31.819Z] GET /proses/provider 200 | 9842 bytes - 57.321 ms
[2024-05-30T09:52:01.032Z] GET /proses/provider 200 | 9842 bytes - 40.903 ms
[2024-05-30T09:52:07.172Z] GET /proses/provider 200 | 9842 bytes - 39.905 ms
[2024-05-30T09:52:17.995Z] POST /proses/new 200 | 68 bytes - 682.651 ms
[2024-05-30T10:00:47.841Z] GET /proses/pole 200 | 3311 bytes - 857.957 ms
[2024-05-30T10:03:57.093Z] GET /proses/pole 200 | 3311 bytes - 859.748 ms
[2024-05-30T10:04:00.815Z] GET /proses/pole 200 | 3304 bytes - 836.969 ms
[2024-05-30T10:06:39.510Z] POST /user/login 401 | 28 bytes - 64.156 ms
[2024-05-30T10:06:48.808Z] POST /user/login 200 | 641 bytes - 181.238 ms
[2024-05-30T10:06:55.109Z] GET /proses/pole 200 | 3308 bytes - 856.013 ms
[2024-05-30T10:08:57.558Z] GET /proses/pole 200 | 3309 bytes - 866.200 ms
[2024-05-30T10:17:33.584Z] GET /proses/pole 200 | 1764 bytes - 881.703 ms
[2024-05-30T10:20:30.106Z] GET /proses/pole 200 | 1764 bytes - 867.969 ms
[2024-05-30T10:23:13.899Z] GET /proses/pole 200 | 1762 bytes - 1327.821 ms
[2024-05-30T10:24:13.309Z] GET /proses/pole 200 | 1765 bytes - 855.435 ms
[2024-05-30T10:24:23.179Z] GET /proses/pole 200 | 1760 bytes - 846.905 ms
[2024-05-30T10:25:47.122Z] GET /proses/pole 200 | 1259 bytes - 869.046 ms
[2024-05-30T10:32:55.407Z] GET /proses/pole 200 | 491 bytes - 867.439 ms
[2024-06-03T02:53:16.722Z] OPTIONS /user/login 204 | 0 bytes - 3.717 ms
