[2024-04-04T03:15:22.879Z] POST /user/login 200 | 641 bytes - 117.908 ms
[2024-04-04T03:15:28.846Z] GET /proses/pole 200 | 3034 bytes - 990.247 ms
[2024-04-04T03:15:48.640Z] GET /proses/sto 200 | 113 bytes - 37.150 ms
[2024-04-04T03:46:48.832Z] POST /user/login 200 | 641 bytes - 529.300 ms
[2024-04-04T03:46:56.744Z] GET /proses/pole 200 | 2913 bytes - 884.883 ms
[2024-04-04T03:47:05.270Z] GET /proses/provider 200 | 9646 bytes - 44.635 ms
[2024-04-04T03:47:09.077Z] GET /proses/provider 200 | 9646 bytes - 42.384 ms
[2024-04-04T03:47:17.041Z] GET /proses/provider 200 | 9646 bytes - 42.871 ms
[2024-04-04T03:48:15.915Z] GET /proses/provider 200 | 9646 bytes - 44.785 ms
[2024-04-04T03:48:59.051Z] POST /proses/tag 200 | 68 bytes - 1637.128 ms
[2024-04-04T03:49:08.193Z] GET /proses/pole 200 | 3036 bytes - 920.578 ms
[2024-04-04T03:49:10.757Z] GET /proses/sto 200 | 113 bytes - 35.434 ms
[2024-04-04T03:49:25.228Z] GET /proses/provider 200 | 9646 bytes - 44.036 ms
[2024-04-04T03:49:29.697Z] GET /proses/provider 200 | 9646 bytes - 37.476 ms
[2024-04-04T03:50:04.067Z] GET /proses/provider 200 | 9646 bytes - 42.326 ms
[2024-04-04T03:50:37.400Z] POST /proses/new 200 | 68 bytes - 1435.755 ms
[2024-04-04T04:06:20.260Z] POST /user/login 200 | 641 bytes - 178.395 ms
[2024-04-04T04:06:26.200Z] GET /proses/pole 200 | 3163 bytes - 895.483 ms
[2024-04-04T04:06:53.450Z] GET /proses/pole 200 | 3161 bytes - 921.660 ms
[2024-04-04T04:08:31.920Z] GET /proses/pole 200 | 3045 bytes - 933.760 ms
[2024-04-04T04:11:47.703Z] GET /proses/pole 200 | 384 bytes - 897.721 ms
[2024-04-04T05:29:59.724Z] POST /user/login 404 | 28 bytes - 1515.477 ms
[2024-04-04T05:30:09.752Z] POST /user/login 404 | 28 bytes - 46.969 ms
[2024-04-04T05:30:12.138Z] POST /user/login 404 | 28 bytes - 44.202 ms
[2024-04-04T05:30:15.199Z] POST /user/login 404 | 28 bytes - 41.258 ms
[2024-04-04T05:30:27.584Z] POST /user/login 404 | 28 bytes - 42.274 ms
[2024-04-04T05:30:29.796Z] POST /user/login 404 | 28 bytes - 43.122 ms
[2024-04-04T05:30:34.996Z] POST /user/login 404 | 28 bytes - 42.948 ms
[2024-04-04T05:30:36.947Z] POST /user/login 404 | 28 bytes - 48.717 ms
[2024-04-04T05:30:40.462Z] POST /user/login 404 | 28 bytes - 42.690 ms
[2024-04-04T05:30:50.641Z] POST /user/login 404 | 28 bytes - 43.957 ms
[2024-04-04T05:30:52.523Z] POST /user/login 404 | 28 bytes - 41.660 ms
[2024-04-04T05:31:04.918Z] POST /user/login 404 | 28 bytes - 45.263 ms
[2024-04-04T05:31:26.235Z] POST /user/login 404 | 28 bytes - 51.076 ms
[2024-04-04T05:31:28.116Z] POST /user/login 404 | 28 bytes - 42.154 ms
[2024-04-04T05:31:31.612Z] POST /user/login 404 | 28 bytes - 46.531 ms
[2024-04-04T05:31:44.082Z] POST /user/login 404 | 28 bytes - 54.944 ms
[2024-04-04T05:31:47.978Z] POST /user/login 404 | 28 bytes - 42.511 ms
[2024-04-04T05:32:04.759Z] POST /user/login 404 | 28 bytes - 47.397 ms
[2024-04-04T05:32:07.117Z] POST /user/login 404 | 28 bytes - 56.117 ms
[2024-04-04T05:32:32.338Z] POST /user/login 404 | 28 bytes - 45.968 ms
[2024-04-04T05:32:34.641Z] POST /user/login 404 | 28 bytes - 44.690 ms
[2024-04-04T05:32:53.758Z] POST /user/login 404 | 28 bytes - 51.913 ms
[2024-04-04T05:32:56.075Z] POST /user/login 404 | 28 bytes - 43.838 ms
[2024-04-04T05:33:08.395Z] POST /user/login 404 | 28 bytes - 46.173 ms
[2024-04-04T05:33:10.809Z] POST /user/login 404 | 28 bytes - 57.096 ms
[2024-04-04T05:33:22.645Z] POST /user/login 404 | 28 bytes - 44.626 ms
[2024-04-04T05:33:24.978Z] POST /user/login 404 | 28 bytes - 46.966 ms
[2024-04-04T05:33:36.769Z] POST /user/login 404 | 28 bytes - 59.411 ms
[2024-04-04T05:33:39.136Z] POST /user/login 404 | 28 bytes - 51.731 ms
[2024-04-04T05:33:44.305Z] POST /user/login 404 | 28 bytes - 49.916 ms
[2024-04-04T05:33:46.255Z] POST /user/login 404 | 28 bytes - 43.329 ms
[2024-04-04T05:33:49.993Z] POST /user/login 404 | 28 bytes - 44.846 ms
[2024-04-04T07:31:40.354Z] POST /user/login 200 | 641 bytes - 1724.595 ms
[2024-04-04T07:31:53.741Z] GET /proses/pole 200 | 2 bytes - 1001.785 ms
[2024-04-04T07:53:14.387Z] POST /user/login 200 | 621 bytes - 228.608 ms
[2024-04-04T07:55:25.901Z] POST /user/login 200 | 677 bytes - 116.904 ms
[2024-04-04T07:55:50.605Z] POST /user/login 200 | 699 bytes - 94.947 ms
[2024-04-04T08:03:38.363Z] POST /user/login - | - bytes - - ms
[2024-04-04T08:07:08.090Z] POST /user/login 404 | 28 bytes - 291.876 ms
[2024-04-04T08:07:25.536Z] POST /user/login 200 | 699 bytes - 216.713 ms
[2024-04-04T08:07:54.652Z] POST /user/login 401 | 28 bytes - 64.010 ms
[2024-04-04T12:51:04.998Z] POST /user/login 404 | 28 bytes - 65.698 ms
[2024-04-04T12:51:51.099Z] POST /user/login 200 | 641 bytes - 114.356 ms
[2024-04-04T12:52:36.888Z] GET /proses/pole 200 | 2 bytes - 977.570 ms
[2024-04-04T13:03:05.086Z] POST /user/login 200 | 641 bytes - 114.115 ms
[2024-04-04T13:03:10.982Z] GET /proses/pole 200 | 2 bytes - 914.341 ms
[2024-04-04T15:08:26.055Z] POST /user/login 404 | 28 bytes - 79.569 ms
[2024-04-04T15:08:28.810Z] POST /user/login 404 | 28 bytes - 50.385 ms
[2024-04-04T15:08:31.264Z] POST /user/login 404 | 28 bytes - 41.696 ms
[2024-04-04T15:08:42.300Z] POST /user/login 404 | 28 bytes - 44.400 ms
[2024-04-04T15:08:44.955Z] POST /user/login 404 | 28 bytes - 45.250 ms
[2024-04-04T15:08:51.053Z] POST /user/login 404 | 28 bytes - 40.358 ms
[2024-04-04T15:08:53.622Z] POST /user/login 404 | 28 bytes - 42.991 ms
[2024-04-04T15:09:05.662Z] POST /user/login 404 | 28 bytes - 43.871 ms
[2024-04-04T15:09:08.125Z] POST /user/login 404 | 28 bytes - 42.693 ms
[2024-04-04T15:09:11.071Z] POST /user/login 404 | 28 bytes - 42.528 ms
[2024-04-04T15:09:26.596Z] POST /user/login 404 | 28 bytes - 45.345 ms
[2024-04-04T15:09:28.608Z] POST /user/login 404 | 28 bytes - 42.208 ms
[2024-04-04T15:09:58.930Z] POST /user/login 404 | 28 bytes - 55.135 ms
[2024-04-04T15:10:01.408Z] POST /user/login 404 | 28 bytes - 41.633 ms
[2024-04-04T15:10:04.461Z] POST /user/login 404 | 28 bytes - 57.330 ms
[2024-04-04T15:10:16.651Z] POST /user/login 404 | 28 bytes - 49.803 ms
[2024-04-04T15:10:22.012Z] POST /user/login 404 | 28 bytes - 56.296 ms
[2024-04-04T15:10:24.684Z] POST /user/login 404 | 28 bytes - 42.811 ms
[2024-04-04T15:10:40.526Z] POST /user/login 404 | 28 bytes - 44.198 ms
[2024-04-04T15:10:42.459Z] POST /user/login 404 | 28 bytes - 41.392 ms
[2024-04-04T15:10:45.943Z] POST /user/login 404 | 28 bytes - 44.463 ms
[2024-04-04T15:10:51.009Z] POST /user/login 404 | 28 bytes - 55.057 ms
[2024-04-04T15:11:03.552Z] POST /user/login 404 | 28 bytes - 59.596 ms
[2024-04-04T15:11:05.925Z] POST /user/login 404 | 28 bytes - 43.205 ms
[2024-04-04T15:11:18.397Z] POST /user/login 404 | 28 bytes - 59.231 ms
[2024-04-04T15:11:20.798Z] POST /user/login 404 | 28 bytes - 40.543 ms
[2024-04-04T15:11:33.143Z] POST /user/login 404 | 28 bytes - 44.329 ms
[2024-04-04T15:11:35.666Z] POST /user/login 404 | 28 bytes - 42.251 ms
[2024-04-04T15:11:38.088Z] POST /user/login 404 | 28 bytes - 44.193 ms
[2024-04-04T15:11:44.692Z] POST /user/login 404 | 28 bytes - 41.896 ms
[2024-04-04T15:11:47.021Z] POST /user/login 404 | 28 bytes - 41.188 ms
[2024-04-04T15:12:01.411Z] POST /user/login 404 | 28 bytes - 43.742 ms
[2024-04-04T15:12:03.447Z] POST /user/login 404 | 28 bytes - 41.275 ms
[2024-04-04T15:12:09.893Z] POST /user/login 404 | 28 bytes - 43.227 ms
[2024-04-04T15:12:12.485Z] POST /user/login 404 | 28 bytes - 46.269 ms
[2024-04-04T15:12:18.407Z] POST /user/login 404 | 28 bytes - 40.402 ms
[2024-04-05T04:04:03.846Z] POST /user/login 404 | 28 bytes - 341.394 ms
